<?xml version="1.0" encoding="UTF-8"?>
<!-- Generated by org.testng.reporters.JUnitReportReporter -->
<testsuite skipped="0" hostname="IMA-PC" name="dashboard.CreateCommitments" tests="3" failures="0" timestamp="01 Dec 2017 09:55:40 GMT" time="202.367" errors="0">
  <testcase name="Login" time="26.000" classname="dashboard.CreateCommitments"/>
  <testcase name="CreateCommitment" time="176.364" classname="dashboard.CreateCommitments"/>
  <testcase name="Result" time="0.003" classname="dashboard.CreateCommitments"/>
</testsuite> <!-- dashboard.CreateCommitments -->
