<?xml version="1.0" encoding="UTF-8"?>
<!-- Generated by org.testng.reporters.JUnitReportReporter -->
<testsuite hostname="ItsmyAccount-PC" name="MyFacilities.BookFreeFacilityWith30MintsWithAdminLogin" tests="1" failures="0" timestamp="6 Nov 2017 10:11:07 GMT" time="110.682" errors="0">
  <testcase name="BookingFacility" time="110.682" classname="MyFacilities.BookFreeFacilityWith30MintsWithAdminLogin"/>
</testsuite> <!-- MyFacilities.BookFreeFacilityWith30MintsWithAdminLogin -->
