<?xml version="1.0" encoding="UTF-8"?>
<!-- Generated by org.testng.reporters.JUnitReportReporter -->
<testsuite skipped="0" hostname="IMA-PC" name="dashboard.AdminCommiteeMembers" tests="4" failures="0" timestamp="24 Nov 2017 10:12:12 GMT" time="130.959" errors="0">
  <testcase name="Login" time="20.692" classname="dashboard.AdminCommiteeMembers"/>
  <testcase name="ComiteeMebers" time="39.190" classname="dashboard.AdminCommiteeMembers"/>
  <testcase name="Search" time="59.831" classname="dashboard.AdminCommiteeMembers"/>
  <testcase name="Export" time="11.246" classname="dashboard.AdminCommiteeMembers"/>
</testsuite> <!-- dashboard.AdminCommiteeMembers -->
