<?xml version="1.0" encoding="UTF-8"?>
<!-- Generated by org.testng.reporters.JUnitReportReporter -->
<testsuite hostname="ItsmyAccount-PC" name="dashboard.Regularvendors" tests="4" failures="0" timestamp="31 Dec 2016 06:31:31 GMT" time="146.658" errors="0">
  <testcase name="Login" time="16.052" classname="dashboard.Regularvendors"/>
  <testcase name="Export" time="10.872" classname="dashboard.Regularvendors"/>
  <testcase name="AddVendorDetails" time="119.732" classname="dashboard.Regularvendors"/>
  <testcase name="Results" time="0.002" classname="dashboard.Regularvendors"/>
</testsuite> <!-- dashboard.Regularvendors -->
