<?xml version="1.0" encoding="UTF-8"?>
<!-- Generated by org.testng.reporters.JUnitReportReporter -->
<testsuite skipped="0" hostname="IMA-PC" name="dashboard.AdminSocietydocuments" tests="5" failures="0" timestamp="29 Nov 2017 11:15:01 GMT" time="97.740" errors="0">
  <testcase name="Login" time="15.369" classname="dashboard.AdminSocietydocuments"/>
  <testcase name="AddDocument" time="37.518" classname="dashboard.AdminSocietydocuments"/>
  <testcase name="EditDocument" time="30.878" classname="dashboard.AdminSocietydocuments"/>
  <testcase name="DeleteDocument" time="13.974" classname="dashboard.AdminSocietydocuments"/>
  <testcase name="Results" time="0.001" classname="dashboard.AdminSocietydocuments"/>
</testsuite> <!-- dashboard.AdminSocietydocuments -->
