<?xml version="1.0" encoding="UTF-8"?>
<!-- Generated by org.testng.reporters.JUnitReportReporter -->
<testsuite hostname="ItsmyAccount-PC" name="IntegrationWithBiometric.FrequentVisitor" tests="2" failures="0" timestamp="24 Sep 2017 05:41:43 GMT" time="33.556" errors="0">
  <testcase name="EditFirstRecord" time="14.917" classname="IntegrationWithBiometric.FrequentVisitor"/>
  <testcase name="Login" time="18.639" classname="IntegrationWithBiometric.FrequentVisitor"/>
</testsuite> <!-- IntegrationWithBiometric.FrequentVisitor -->
