<?xml version="1.0" encoding="UTF-8"?>
<!-- Generated by org.testng.reporters.JUnitReportReporter -->
<testsuite skipped="0" hostname="IMA-PC" name="dashboard.AdminSocietyinventoryissues" tests="4" failures="0" timestamp="27 Nov 2017 10:31:52 GMT" time="180.301" errors="0">
  <testcase name="Login" time="21.972" classname="dashboard.AdminSocietyinventoryissues"/>
  <testcase name="SocietyInventoryIssues" time="136.487" classname="dashboard.AdminSocietyinventoryissues"/>
  <testcase name="Export" time="21.840" classname="dashboard.AdminSocietyinventoryissues"/>
  <testcase name="Results" time="0.002" classname="dashboard.AdminSocietyinventoryissues"/>
</testsuite> <!-- dashboard.AdminSocietyinventoryissues -->
