<?xml version="1.0" encoding="UTF-8"?>
<!-- Generated by org.testng.reporters.JUnitReportReporter -->
<testsuite hostname="ItsmyAccount-PC" name="dashboard.AdminVacantcarparking" tests="7" failures="0" timestamp="8 Sep 2017 08:08:53 GMT" time="260.434" errors="0">
  <testcase name="Login" time="12.759" classname="dashboard.AdminVacantcarparking"/>
  <testcase name="EditAndDelete" time="61.235" classname="dashboard.AdminVacantcarparking"/>
  <testcase name="AnyTextSearchAndExport" time="60.581" classname="dashboard.AdminVacantcarparking"/>
  <testcase name="AddRecord" time="42.010" classname="dashboard.AdminVacantcarparking"/>
  <testcase name="AddOneMoreRecord" time="41.218" classname="dashboard.AdminVacantcarparking"/>
  <testcase name="Results" time="0.003" classname="dashboard.AdminVacantcarparking"/>
  <testcase name="Addvacantcarparking" time="42.628" classname="dashboard.AdminVacantcarparking"/>
</testsuite> <!-- dashboard.AdminVacantcarparking -->
