<?xml version="1.0" encoding="UTF-8"?>
<!-- Generated by org.testng.reporters.JUnitReportReporter -->
<testsuite skipped="0" hostname="IMA-PC" name="dashboard.AdminMyresidents" tests="5" failures="0" timestamp="23 Nov 2017 12:39:04 GMT" time="272.681" errors="0">
  <testcase name="Login" time="22.396" classname="dashboard.AdminMyresidents"/>
  <testcase name="SendSMS" time="37.589" classname="dashboard.AdminMyresidents"/>
  <testcase name="SendMailWithAttachment" time="31.198" classname="dashboard.AdminMyresidents"/>
  <testcase name="SendMailwithoutAttachment" time="31.098" classname="dashboard.AdminMyresidents"/>
  <testcase name="SortingOccupancy" time="150.400" classname="dashboard.AdminMyresidents"/>
</testsuite> <!-- dashboard.AdminMyresidents -->
