<?xml version="1.0" encoding="UTF-8"?>
<!-- Generated by org.testng.reporters.JUnitReportReporter -->
<testsuite hostname="ItsmyAccount-PC" name="dashboard.ShowEventsInSocietyMeetingCalander" tests="2" failures="0" timestamp="4 Mar 2017 10:31:04 GMT" time="49.825" errors="0">
  <testcase name="ShowEvent" time="27.614" classname="dashboard.ShowEventsInSocietyMeetingCalander"/>
  <testcase name="Login" time="22.211" classname="dashboard.ShowEventsInSocietyMeetingCalander"/>
</testsuite> <!-- dashboard.ShowEventsInSocietyMeetingCalander -->
