<?xml version="1.0" encoding="UTF-8"?>
<!-- Generated by org.testng.reporters.JUnitReportReporter -->
<testsuite hostname="ItsmyAccount-PC" name="MyFacilities.BookFreeFacilityWith30MintsWithMemberLogin" tests="1" failures="0" timestamp="6 Nov 2017 10:13:43 GMT" time="106.344" errors="0">
  <testcase name="BookingFacility" time="106.344" classname="MyFacilities.BookFreeFacilityWith30MintsWithMemberLogin"/>
</testsuite> <!-- MyFacilities.BookFreeFacilityWith30MintsWithMemberLogin -->
