<?xml version="1.0" encoding="UTF-8"?>
<!-- Generated by org.testng.reporters.JUnitReportReporter -->
<testsuite hostname="ItsmyAccount-PC" name="dashboard.SocietyInventoryInchargeDetails" tests="3" failures="0" timestamp="29 Jan 2017 09:41:09 GMT" time="91.381" errors="0">
  <testcase name="Results" time="0.001" classname="dashboard.SocietyInventoryInchargeDetails"/>
  <testcase name="Login" time="34.236" classname="dashboard.SocietyInventoryInchargeDetails"/>
  <testcase name="EditInchargeDetails" time="57.144" classname="dashboard.SocietyInventoryInchargeDetails"/>
</testsuite> <!-- dashboard.SocietyInventoryInchargeDetails -->
