<?xml version="1.0" encoding="UTF-8"?>
<!-- Generated by org.testng.reporters.JUnitReportReporter -->
<testsuite hostname="ItsmyAccount-PC" name="IntegrationWithBiometric.AdminInHouseStaffWithBadgeIDAndSMSTick" tests="6" failures="0" timestamp="1 Nov 2017 10:39:17 GMT" time="289.348" errors="0">
  <testcase name="ManuallyNeedToBeCheck" time="0.002" classname="IntegrationWithBiometric.AdminInHouseStaffWithBadgeIDAndSMSTick"/>
  <testcase name="AddRecord" time="93.330" classname="IntegrationWithBiometric.AdminInHouseStaffWithBadgeIDAndSMSTick"/>
  <testcase name="AddRecord" time="95.609" classname="IntegrationWithBiometric.AdminInHouseStaffWithBadgeIDAndSMSTick"/>
  <testcase name="EditRecordWithAlreadyExistedBadgeId" time="12.922" classname="IntegrationWithBiometric.AdminInHouseStaffWithBadgeIDAndSMSTick"/>
  <testcase name="login" time="13.314" classname="IntegrationWithBiometric.AdminInHouseStaffWithBadgeIDAndSMSTick"/>
  <testcase name="EditRecord" time="74.171" classname="IntegrationWithBiometric.AdminInHouseStaffWithBadgeIDAndSMSTick"/>
</testsuite> <!-- IntegrationWithBiometric.AdminInHouseStaffWithBadgeIDAndSMSTick -->
