<?xml version="1.0" encoding="UTF-8"?>
<!-- Generated by org.testng.reporters.JUnitReportReporter -->
<testsuite skipped="0" hostname="IMA-PC" name="dashboard.AdminSocietyInventoryReports" tests="5" failures="0" timestamp="27 Nov 2017 10:43:57 GMT" time="103.513" errors="0">
  <testcase name="Login" time="23.385" classname="dashboard.AdminSocietyInventoryReports"/>
  <testcase name="SocietyInventoryReports" time="25.334" classname="dashboard.AdminSocietyInventoryReports"/>
  <testcase name="LoginAgain" time="19.107" classname="dashboard.AdminSocietyInventoryReports"/>
  <testcase name="GetreportOfPerticularItem" time="35.685" classname="dashboard.AdminSocietyInventoryReports"/>
  <testcase name="Results" time="0.002" classname="dashboard.AdminSocietyInventoryReports"/>
</testsuite> <!-- dashboard.AdminSocietyInventoryReports -->
