<?xml version="1.0" encoding="UTF-8"?>
<!-- Generated by org.testng.reporters.JUnitReportReporter -->
<testsuite skipped="0" hostname="IMA-PC" name="dashboard.AdminSocietyinventoryMigratedItems" tests="4" failures="0" timestamp="27 Nov 2017 10:09:20 GMT" time="138.153" errors="0">
  <testcase name="Login" time="22.225" classname="dashboard.AdminSocietyinventoryMigratedItems"/>
  <testcase name="MigratedItems" time="94.221" classname="dashboard.AdminSocietyinventoryMigratedItems"/>
  <testcase name="Export" time="21.706" classname="dashboard.AdminSocietyinventoryMigratedItems"/>
  <testcase name="Results" time="0.001" classname="dashboard.AdminSocietyinventoryMigratedItems"/>
</testsuite> <!-- dashboard.AdminSocietyinventoryMigratedItems -->
