<?xml version="1.0" encoding="UTF-8"?>
<!-- Generated by org.testng.reporters.JUnitReportReporter -->
<testsuite skipped="0" hostname="IMA-PC" name="dashboard.RoleAvailabilityCheckingInManageMembers" tests="3" failures="0" timestamp="22 Nov 2017 07:15:04 GMT" time="112.783" errors="0">
  <testcase name="Login" time="27.220" classname="dashboard.RoleAvailabilityCheckingInManageMembers"/>
  <testcase name="RoleAvailability" time="28.986" classname="dashboard.RoleAvailabilityCheckingInManageMembers"/>
  <testcase name="DeleteRoleAfterAssignToMember" time="56.577" classname="dashboard.RoleAvailabilityCheckingInManageMembers"/>
</testsuite> <!-- dashboard.RoleAvailabilityCheckingInManageMembers -->
