<?xml version="1.0" encoding="UTF-8"?>
<!-- Generated by org.testng.reporters.JUnitReportReporter -->
<testsuite hostname="ItsmyAccount-PC" name="MyFacilities.CreatePaidFacilityOnlyForTenant" tests="3" failures="0" timestamp="14 Oct 2017 04:49:14 GMT" time="226.116" errors="0">
  <testcase name="EditAndDeleteFacility" time="67.984" classname="MyFacilities.CreatePaidFacilityOnlyForTenant"/>
  <testcase name="AddFacility" time="94.618" classname="MyFacilities.CreatePaidFacilityOnlyForTenant"/>
  <testcase name="AddFacilityAfterDelete" time="63.514" classname="MyFacilities.CreatePaidFacilityOnlyForTenant"/>
</testsuite> <!-- MyFacilities.CreatePaidFacilityOnlyForTenant -->
