<?xml version="1.0" encoding="UTF-8"?>
<!-- Generated by org.testng.reporters.JUnitReportReporter -->
<testsuite skipped="0" hostname="IMA-PC" name="dashboard.AdminContactIMAHelpDesk" tests="3" failures="0" timestamp="23 Nov 2017 10:23:45 GMT" time="88.741" errors="0">
  <testcase name="login" time="13.563" classname="dashboard.AdminContactIMAHelpDesk"/>
  <testcase name="SendMailWithoutAttachMent" time="37.476" classname="dashboard.AdminContactIMAHelpDesk"/>
  <testcase name="SendMailWithAttachment" time="37.702" classname="dashboard.AdminContactIMAHelpDesk"/>
</testsuite> <!-- dashboard.AdminContactIMAHelpDesk -->
