<?xml version="1.0" encoding="UTF-8"?>
<!-- Generated by org.testng.reporters.JUnitReportReporter -->
<testsuite hostname="ItsmyAccount-PC" name="dashboard.Societyinventoryissues" tests="2" failures="0" timestamp="24 Oct 2016 10:09:28 GMT" time="200.883" errors="0">
  <testcase name="Login" time="24.769" classname="dashboard.Societyinventoryissues"/>
  <testcase name="SocietyInventoryIssues" time="176.114" classname="dashboard.Societyinventoryissues"/>
</testsuite> <!-- dashboard.Societyinventoryissues -->
