<?xml version="1.0" encoding="UTF-8"?>
<!-- Generated by org.testng.reporters.JUnitReportReporter -->
<testsuite skipped="0" hostname="IMA-PC" name="dashboard.CategoriesInMyCommitments" tests="3" failures="0" timestamp="01 Dec 2017 07:41:23 GMT" time="127.173" errors="0">
  <testcase name="Login" time="26.576" classname="dashboard.CategoriesInMyCommitments"/>
  <testcase name="CommitmentCategory" time="100.596" classname="dashboard.CategoriesInMyCommitments"/>
  <testcase name="Results" time="0.001" classname="dashboard.CategoriesInMyCommitments"/>
</testsuite> <!-- dashboard.CategoriesInMyCommitments -->
