<?xml version="1.0" encoding="UTF-8"?>
<!-- Generated by org.testng.reporters.JUnitReportReporter -->
<testsuite hostname="ItsmyAccount-PC" name="MyFacilities.BookingOTHFacilityWithDiffOverlapTimings" tests="1" failures="0" timestamp="14 Oct 2017 06:17:28 GMT" time="106.036" errors="0">
  <testcase name="BookingFacility" time="106.036" classname="MyFacilities.BookingOTHFacilityWithDiffOverlapTimings"/>
</testsuite> <!-- MyFacilities.BookingOTHFacilityWithDiffOverlapTimings -->
