<?xml version="1.0" encoding="UTF-8"?>
<!-- Generated by org.testng.reporters.JUnitReportReporter -->
<testsuite hostname="ItsmyAccount-PC" name="dashboard.AdminInHouseStaff" tests="2" failures="0" timestamp="18 Aug 2017 11:17:10 GMT" time="154.266" errors="0">
  <testcase name="login" time="10.463" classname="dashboard.AdminInHouseStaff"/>
  <testcase name="AddMaintenanceMember" time="143.803" classname="dashboard.AdminInHouseStaff"/>
</testsuite> <!-- dashboard.AdminInHouseStaff -->
