<?xml version="1.0" encoding="UTF-8"?>
<!-- Generated by org.testng.reporters.JUnitReportReporter -->
<testsuite skipped="0" hostname="IMA-PC" name="dashboard.AdminSocietyMeetingCalanderWithSms" tests="5" failures="0" timestamp="25 Nov 2017 06:21:36 GMT" time="235.862" errors="0">
  <testcase name="Login" time="20.496" classname="dashboard.AdminSocietyMeetingCalanderWithSms"/>
  <testcase name="WithSmsAndEnableEmail" time="70.066" classname="dashboard.AdminSocietyMeetingCalanderWithSms"/>
  <testcase name="BookingWithSameDetailsWithSms" time="56.512" classname="dashboard.AdminSocietyMeetingCalanderWithSms"/>
  <testcase name="MeetingCancel" time="88.787" classname="dashboard.AdminSocietyMeetingCalanderWithSms"/>
  <testcase name="Results" time="0.001" classname="dashboard.AdminSocietyMeetingCalanderWithSms"/>
</testsuite> <!-- dashboard.AdminSocietyMeetingCalanderWithSms -->
