<?xml version="1.0" encoding="UTF-8"?>
<!-- Generated by org.testng.reporters.JUnitReportReporter -->
<testsuite hostname="ItsmyAccount-PC" name="MyFacilities.simulateFacilityOfRatesForBothWithOwnerLogin" tests="1" failures="0" timestamp="14 Oct 2017 06:29:02 GMT" time="107.015" errors="0">
  <testcase name="BookingFacility" time="107.015" classname="MyFacilities.simulateFacilityOfRatesForBothWithOwnerLogin"/>
</testsuite> <!-- MyFacilities.simulateFacilityOfRatesForBothWithOwnerLogin -->
