<?xml version="1.0" encoding="UTF-8"?>
<!-- Generated by org.testng.reporters.JUnitReportReporter -->
<testsuite hostname="ItsmyAccount-PC" name="dashboard.Memberdashboard" tests="1" failures="0" timestamp="5 Mar 2017 07:34:16 GMT" time="26.120" errors="0">
  <testcase name="dshboardNetBalance" time="26.120" classname="dashboard.Memberdashboard"/>
</testsuite> <!-- dashboard.Memberdashboard -->
