<?xml version="1.0" encoding="UTF-8"?>
<!-- Generated by org.testng.reporters.JUnitReportReporter -->
<testsuite hostname="ItsmyAccount-PC" name="dashboard.Societyassests" tests="4" failures="0" timestamp="16 Oct 2016 05:20:00 GMT" time="401.284" errors="0">
  <testcase name="EditAssetDetails" time="64.731" classname="dashboard.Societyassests"/>
  <testcase name="Login" time="24.795" classname="dashboard.Societyassests"/>
  <testcase name="RenewAMC" time="235.187" classname="dashboard.Societyassests"/>
  <testcase name="AddAssest" time="76.571" classname="dashboard.Societyassests"/>
</testsuite> <!-- dashboard.Societyassests -->
