<?xml version="1.0" encoding="UTF-8"?>
<!-- Generated by org.testng.reporters.JUnitReportReporter -->
<testsuite skipped="0" hostname="IMA-PC" name="dashboard.MemberSocietyAssests" tests="3" failures="0" timestamp="27 Nov 2017 10:47:06 GMT" time="56.936" errors="0">
  <testcase name="Login" time="18.524" classname="dashboard.MemberSocietyAssests"/>
  <testcase name="MemberAssests" time="38.410" classname="dashboard.MemberSocietyAssests"/>
  <testcase name="Results" time="0.002" classname="dashboard.MemberSocietyAssests"/>
</testsuite> <!-- dashboard.MemberSocietyAssests -->
