<?xml version="1.0" encoding="UTF-8"?>
<!-- Generated by org.testng.reporters.JUnitReportReporter -->
<testsuite skipped="0" hostname="IMA-PC" name="dashboard.Duelist" tests="6" failures="0" timestamp="23 Nov 2017 10:18:19 GMT" time="84.591" errors="0">
  <testcase name="Login" time="10.846" classname="dashboard.Duelist"/>
  <testcase name="SendSMS" time="33.385" classname="dashboard.Duelist"/>
  <testcase name="SendMail" time="21.504" classname="dashboard.Duelist"/>
  <testcase name="TotalAmountInDueList" time="10.413" classname="dashboard.Duelist"/>
  <testcase name="PDfFormate" time="8.437" classname="dashboard.Duelist"/>
  <testcase name="Results" time="0.006" classname="dashboard.Duelist"/>
</testsuite> <!-- dashboard.Duelist -->
