<?xml version="1.0" encoding="UTF-8"?>
<!-- Generated by org.testng.reporters.JUnitReportReporter -->
<testsuite skipped="0" hostname="IMA-PC" name="dashboard.Membercurrentevents" tests="5" failures="0" timestamp="25 Nov 2017 07:28:21 GMT" time="56.707" errors="0">
  <testcase name="Login" time="13.211" classname="dashboard.Membercurrentevents"/>
  <testcase name="MemberCurrentEvents" time="8.486" classname="dashboard.Membercurrentevents"/>
  <testcase name="Search" time="24.217" classname="dashboard.Membercurrentevents"/>
  <testcase name="Export" time="10.789" classname="dashboard.Membercurrentevents"/>
  <testcase name="Results" time="0.004" classname="dashboard.Membercurrentevents"/>
</testsuite> <!-- dashboard.Membercurrentevents -->
