<?xml version="1.0" encoding="UTF-8"?>
<!-- Generated by org.testng.reporters.JUnitReportReporter -->
<testsuite hostname="ItsmyAccount-PC" name="IntegrationWithBiometric.check" tests="2" failures="0" timestamp="12 Oct 2017 11:54:49 GMT" time="18.213" errors="0">
  <testcase name="loginagain" time="7.457" classname="IntegrationWithBiometric.check"/>
  <testcase name="login" time="10.756" classname="IntegrationWithBiometric.check"/>
</testsuite> <!-- IntegrationWithBiometric.check -->
