<?xml version="1.0" encoding="UTF-8"?>
<!-- Generated by org.testng.reporters.JUnitReportReporter -->
<testsuite hostname="ItsmyAccount-PC" name="MyFacilities.SimulateTenantFacilityWithOwnerLogin" tests="1" failures="0" timestamp="6 Nov 2017 11:05:40 GMT" time="109.077" errors="0">
  <testcase name="BookingFacility" time="109.077" classname="MyFacilities.SimulateTenantFacilityWithOwnerLogin"/>
</testsuite> <!-- MyFacilities.SimulateTenantFacilityWithOwnerLogin -->
