<?xml version="1.0" encoding="UTF-8"?>
<!-- Generated by org.testng.reporters.JUnitReportReporter -->
<testsuite hostname="ItsmyAccount-PC" name="dashboard.MemberServantmaidList" tests="3" failures="0" timestamp="9 Jan 2017 07:42:31 GMT" time="145.554" errors="0">
  <testcase name="TryToEditAndDeleteAnotherBlockDetails" time="17.880" classname="dashboard.MemberServantmaidList"/>
  <testcase name="Login" time="16.540" classname="dashboard.MemberServantmaidList"/>
  <testcase name="AddServantDetails" time="111.134" classname="dashboard.MemberServantmaidList"/>
</testsuite> <!-- dashboard.MemberServantmaidList -->
