<?xml version="1.0" encoding="UTF-8"?>
<!-- Generated by org.testng.reporters.JUnitReportReporter -->
<testsuite hostname="ItsmyAccount-PC" name="MyFacilities.SimulateOwnerFacilityWithTenantLogin" tests="1" failures="0" timestamp="6 Nov 2017 10:36:16 GMT" time="122.611" errors="0">
  <testcase name="BookingFacility" time="122.611" classname="MyFacilities.SimulateOwnerFacilityWithTenantLogin"/>
</testsuite> <!-- MyFacilities.SimulateOwnerFacilityWithTenantLogin -->
