<?xml version="1.0" encoding="UTF-8"?>
<!-- Generated by org.testng.reporters.JUnitReportReporter -->
<testsuite hostname="ItsmyAccount-PC" name="MyFacilities.BookingOwnerFacilityWithMemberLogin" tests="1" failures="0" timestamp="6 Nov 2017 10:23:43 GMT" time="113.634" errors="0">
  <testcase name="BookingFacility" time="113.634" classname="MyFacilities.BookingOwnerFacilityWithMemberLogin"/>
</testsuite> <!-- MyFacilities.BookingOwnerFacilityWithMemberLogin -->
