<?xml version="1.0" encoding="UTF-8"?>
<!-- Generated by org.testng.reporters.JUnitReportReporter -->
<testsuite hostname="ItsmyAccount-PC" name="dashboard.Report" tests="5" failures="0" timestamp="1 Feb 2017 09:59:02 GMT" time="207.110" errors="0">
  <testcase name="LoginAgain" time="22.581" classname="dashboard.Report"/>
  <testcase name="Results" time="0.002" classname="dashboard.Report"/>
  <testcase name="GetreportOfPerticularItem" time="35.902" classname="dashboard.Report"/>
  <testcase name="SocietyInventoryReports" time="63.872" classname="dashboard.Report"/>
  <testcase name="Login" time="84.753" classname="dashboard.Report"/>
</testsuite> <!-- dashboard.Report -->
