<?xml version="1.0" encoding="UTF-8"?>
<!-- Generated by org.testng.reporters.JUnitReportReporter -->
<testsuite skipped="0" hostname="IMA-PC" name="dashboard.HidingMailAndContactOfCommitteeMember" tests="1" failures="0" timestamp="22 Nov 2017 10:14:35 GMT" time="89.946" errors="0">
  <testcase name="HidingMail" time="89.946" classname="dashboard.HidingMailAndContactOfCommitteeMember"/>
</testsuite> <!-- dashboard.HidingMailAndContactOfCommitteeMember -->
