<?xml version="1.0" encoding="UTF-8"?>
<!-- Generated by org.testng.reporters.JUnitReportReporter -->
<testsuite hostname="ItsmyAccount-PC" name="MyFacilities.BookFreeFacilityMoreThanAllowedTimingsWithAdminLogin" tests="1" failures="0" timestamp="27 Mar 2017 07:42:20 GMT" time="109.027" errors="0">
  <testcase name="BookingFacility" time="109.027" classname="MyFacilities.BookFreeFacilityMoreThanAllowedTimingsWithAdminLogin"/>
</testsuite> <!-- MyFacilities.BookFreeFacilityMoreThanAllowedTimingsWithAdminLogin -->
