<?xml version="1.0" encoding="UTF-8"?>
<!-- Generated by org.testng.reporters.JUnitReportReporter -->
<testsuite hostname="ItsmyAccount-PC" name="IntegrationWithBiometric.ServantMaidListWithBadgeID" tests="6" failures="0" timestamp="28 Oct 2017 05:12:49 GMT" time="246.450" errors="0">
  <testcase name="AddRecord" time="79.002" classname="IntegrationWithBiometric.ServantMaidListWithBadgeID"/>
  <testcase name="login" time="13.825" classname="IntegrationWithBiometric.ServantMaidListWithBadgeID"/>
  <testcase name="EditRecordWithUploadImageOnLeftSideAndWebCamOnRightSide" time="63.731" classname="IntegrationWithBiometric.ServantMaidListWithBadgeID"/>
  <testcase name="ManuallyNeedToBeCheck" time="0.002" classname="IntegrationWithBiometric.ServantMaidListWithBadgeID"/>
  <testcase name="AddServantDetailsToanotherMember" time="79.012" classname="IntegrationWithBiometric.ServantMaidListWithBadgeID"/>
  <testcase name="EditServantMaidListWithExistedBadgeID" time="10.878" classname="IntegrationWithBiometric.ServantMaidListWithBadgeID"/>
</testsuite> <!-- IntegrationWithBiometric.ServantMaidListWithBadgeID -->
