<?xml version="1.0" encoding="UTF-8"?>
<!-- Generated by org.testng.reporters.JUnitReportReporter -->
<testsuite skipped="0" hostname="IMA-PC" name="dashboard.FAQ" tests="2" failures="0" timestamp="23 Nov 2017 11:06:48 GMT" time="42.581" errors="0">
  <testcase name="Login" time="14.914" classname="dashboard.FAQ"/>
  <testcase name="FrequentlyAskedQuestions" time="27.667" classname="dashboard.FAQ"/>
</testsuite> <!-- dashboard.FAQ -->
