<?xml version="1.0" encoding="UTF-8"?>
<!-- Generated by org.testng.reporters.JUnitReportReporter -->
<testsuite hostname="ItsmyAccount-PC" name="IntegrationWithBiometric.AdminInHouseStaffWithOutBadgeId" tests="3" failures="0" timestamp="1 Nov 2017 10:33:03 GMT" time="166.278" errors="0">
  <testcase name="login" time="17.861" classname="IntegrationWithBiometric.AdminInHouseStaffWithOutBadgeId"/>
  <testcase name="AddRecord" time="148.410" classname="IntegrationWithBiometric.AdminInHouseStaffWithOutBadgeId"/>
  <testcase name="Results" time="0.007" classname="IntegrationWithBiometric.AdminInHouseStaffWithOutBadgeId"/>
</testsuite> <!-- IntegrationWithBiometric.AdminInHouseStaffWithOutBadgeId -->
