<?xml version="1.0" encoding="UTF-8"?>
<!-- Generated by org.testng.reporters.JUnitReportReporter -->
<testsuite hostname="ItsmyAccount-PC" name="dashboard.NonMemberComplaintTracker" tests="4" failures="0" timestamp="6 Nov 2017 08:53:16 GMT" time="172.233" errors="0">
  <testcase name="Login" time="24.063" classname="dashboard.NonMemberComplaintTracker"/>
  <testcase name="Results" time="0.003" classname="dashboard.NonMemberComplaintTracker"/>
  <testcase name="SearchByCategory" time="30.487" classname="dashboard.NonMemberComplaintTracker"/>
  <testcase name="AddComplaints" time="117.680" classname="dashboard.NonMemberComplaintTracker"/>
</testsuite> <!-- dashboard.NonMemberComplaintTracker -->
