<?xml version="1.0" encoding="UTF-8"?>
<!-- Generated by org.testng.reporters.JUnitReportReporter -->
<testsuite hostname="ItsmyAccount-PC" name="dashboard.SocietyAssetWithServiceCompletionDate" tests="2" failures="0" timestamp="25 Jan 2017 08:42:05 GMT" time="452.275" errors="0">
  <testcase name="AddAssestForFillinfServiceCompletionDate" time="383.049" classname="dashboard.SocietyAssetWithServiceCompletionDate"/>
  <testcase name="Login" time="69.226" classname="dashboard.SocietyAssetWithServiceCompletionDate"/>
</testsuite> <!-- dashboard.SocietyAssetWithServiceCompletionDate -->
