<?xml version="1.0" encoding="UTF-8"?>
<!-- Generated by org.testng.reporters.JUnitReportReporter -->
<testsuite hostname="ItsmyAccount-PC" name="dashboard.MyCommitments" tests="3" failures="0" timestamp="9 Feb 2017 12:25:14 GMT" time="307.361" errors="0">
  <testcase name="CreateCommitment" time="274.912" classname="dashboard.MyCommitments"/>
  <testcase name="Login" time="32.436" classname="dashboard.MyCommitments"/>
  <testcase name="Result" time="0.013" classname="dashboard.MyCommitments"/>
</testsuite> <!-- dashboard.MyCommitments -->
