<?xml version="1.0" encoding="UTF-8"?>
<!-- Generated by org.testng.reporters.JUnitReportReporter -->
<testsuite hostname="ItsmyAccount-PC" name="MyFacilities.SimulationOfFacilityWithPackagePricesFor5HrsWithAdminLogin" tests="1" failures="0" timestamp="14 Oct 2017 07:38:37 GMT" time="95.379" errors="0">
  <testcase name="BookingFacility" time="95.379" classname="MyFacilities.SimulationOfFacilityWithPackagePricesFor5HrsWithAdminLogin"/>
</testsuite> <!-- MyFacilities.SimulationOfFacilityWithPackagePricesFor5HrsWithAdminLogin -->
