<?xml version="1.0" encoding="UTF-8"?>
<!-- Generated by org.testng.reporters.JUnitReportReporter -->
<testsuite skipped="0" hostname="IMA-PC" name="dashboard.Noticeboard" tests="4" failures="0" timestamp="22 Nov 2017 10:40:26 GMT" time="248.337" errors="0">
  <testcase name="login" time="21.290" classname="dashboard.Noticeboard"/>
  <testcase name="AddMessageToNoticeBoard" time="69.584" classname="dashboard.Noticeboard"/>
  <testcase name="EditMessageInNoticeBoard" time="77.125" classname="dashboard.Noticeboard"/>
  <testcase name="DeleteMessageInNoticeBoard" time="80.338" classname="dashboard.Noticeboard"/>
</testsuite> <!-- dashboard.Noticeboard -->
