<?xml version="1.0" encoding="UTF-8"?>
<!-- Generated by org.testng.reporters.JUnitReportReporter -->
<testsuite hostname="ItsmyAccount-PC" name="IntegrationWithBiometric.AssignVacantCaraprkingToVisitors" tests="9" failures="0" timestamp="1 Nov 2017 09:15:03 GMT" time="318.785" errors="0">
  <testcase name="AddRecordForSimulation" time="17.326" classname="IntegrationWithBiometric.AssignVacantCaraprkingToVisitors"/>
  <testcase name="AssignCarparkingLotToFrequentVisitor" time="22.576" classname="IntegrationWithBiometric.AssignVacantCaraprkingToVisitors"/>
  <testcase name="Login" time="20.055" classname="IntegrationWithBiometric.AssignVacantCaraprkingToVisitors"/>
  <testcase name="AddVisitorRecord" time="63.889" classname="IntegrationWithBiometric.AssignVacantCaraprkingToVisitors"/>
  <testcase name="CheckStatusInvacantCarParking" time="25.862" classname="IntegrationWithBiometric.AssignVacantCaraprkingToVisitors"/>
  <testcase name="StatusCheckInVacantcarparking" time="26.096" classname="IntegrationWithBiometric.AssignVacantCaraprkingToVisitors"/>
  <testcase name="EditFirstRecord" time="40.139" classname="IntegrationWithBiometric.AssignVacantCaraprkingToVisitors"/>
  <testcase name="Add2ndRecord" time="67.354" classname="IntegrationWithBiometric.AssignVacantCaraprkingToVisitors"/>
  <testcase name="EditingPreviouRecordAsFrequent" time="35.488" classname="IntegrationWithBiometric.AssignVacantCaraprkingToVisitors"/>
</testsuite> <!-- IntegrationWithBiometric.AssignVacantCaraprkingToVisitors -->
