<?xml version="1.0" encoding="UTF-8"?>
<!-- Generated by org.testng.reporters.JUnitReportReporter -->
<testsuite hostname="ItsmyAccount-PC" name="dashboard.Adminvisitorregistory" tests="4" failures="0" timestamp="2 Jan 2017 09:05:55 GMT" time="198.657" errors="0">
  <testcase name="Results" time="0.002" classname="dashboard.Adminvisitorregistory"/>
  <testcase name="Export" time="10.882" classname="dashboard.Adminvisitorregistory"/>
  <testcase name="AddVisitorDetails" time="164.225" classname="dashboard.Adminvisitorregistory"/>
  <testcase name="Login" time="23.548" classname="dashboard.Adminvisitorregistory"/>
</testsuite> <!-- dashboard.Adminvisitorregistory -->
