<?xml version="1.0" encoding="UTF-8"?>
<!-- Generated by org.testng.reporters.JUnitReportReporter -->
<testsuite hostname="ItsmyAccount-PC" name="MyFacilities.SimulationOfFacilityWithFullAndHalfDayChargesWithTenantLogin" tests="1" failures="0" timestamp="14 Oct 2017 06:50:42 GMT" time="92.199" errors="0">
  <testcase name="BookingFacility" time="92.199" classname="MyFacilities.SimulationOfFacilityWithFullAndHalfDayChargesWithTenantLogin"/>
</testsuite> <!-- MyFacilities.SimulationOfFacilityWithFullAndHalfDayChargesWithTenantLogin -->
