<?xml version="1.0" encoding="UTF-8"?>
<!-- Generated by org.testng.reporters.JUnitReportReporter -->
<testsuite hostname="ItsmyAccount-PC" name="MyFacilities.SimulationFacilityofFullAndHalfDayPricesFor13hrsWithAdminLogin" tests="1" failures="0" timestamp="14 Oct 2017 11:00:00 GMT" time="99.326" errors="0">
  <testcase name="BookingFacility" time="99.326" classname="MyFacilities.SimulationFacilityofFullAndHalfDayPricesFor13hrsWithAdminLogin"/>
</testsuite> <!-- MyFacilities.SimulationFacilityofFullAndHalfDayPricesFor13hrsWithAdminLogin -->
