<?xml version="1.0" encoding="UTF-8"?>
<!-- Generated by org.testng.reporters.JUnitReportReporter -->
<testsuite hostname="ItsmyAccount-PC" name="MyFacilities.BookOwnerFacilityWithOwnerLoginAfterCancel" tests="1" failures="0" timestamp="6 Nov 2017 11:33:16 GMT" time="110.613" errors="0">
  <testcase name="BookingFacility" time="110.613" classname="MyFacilities.BookOwnerFacilityWithOwnerLoginAfterCancel"/>
</testsuite> <!-- MyFacilities.BookOwnerFacilityWithOwnerLoginAfterCancel -->
