<?xml version="1.0" encoding="UTF-8"?>
<!-- Generated by org.testng.reporters.JUnitReportReporter -->
<testsuite hostname="ItsmyAccount-PC" name="MyFacilities.CreateFacilityWithHourlyhalfDayFullDayPriceDetails" tests="3" failures="0" timestamp="14 Oct 2017 05:03:52 GMT" time="221.191" errors="0">
  <testcase name="AddFacilityAfterDelete" time="63.788" classname="MyFacilities.CreateFacilityWithHourlyhalfDayFullDayPriceDetails"/>
  <testcase name="AddFacility" time="92.180" classname="MyFacilities.CreateFacilityWithHourlyhalfDayFullDayPriceDetails"/>
  <testcase name="EditAndDeleteFacility" time="65.223" classname="MyFacilities.CreateFacilityWithHourlyhalfDayFullDayPriceDetails"/>
</testsuite> <!-- MyFacilities.CreateFacilityWithHourlyhalfDayFullDayPriceDetails -->
