<?xml version="1.0" encoding="UTF-8"?>
<!-- Generated by org.testng.reporters.JUnitReportReporter -->
<testsuite hostname="ItsmyAccount-PC" name="MyFacilities.BookFreeFacilityfor30mintsOverlaping" tests="1" failures="0" timestamp="6 Nov 2017 10:16:31 GMT" time="114.882" errors="0">
  <testcase name="BookingFacility" time="114.882" classname="MyFacilities.BookFreeFacilityfor30mintsOverlaping"/>
</testsuite> <!-- MyFacilities.BookFreeFacilityfor30mintsOverlaping -->
