<?xml version="1.0" encoding="UTF-8"?>
<!-- Generated by org.testng.reporters.JUnitReportReporter -->
<testsuite skipped="0" hostname="IMA-PC" name="dashboard.AdminSocietyassestsWithoutServiceCompletionDate" tests="4" failures="0" timestamp="25 Nov 2017 08:37:57 GMT" time="203.838" errors="0">
  <testcase name="Login" time="25.133" classname="dashboard.AdminSocietyassestsWithoutServiceCompletionDate"/>
  <testcase name="AddEditDeleteAssest" time="166.861" classname="dashboard.AdminSocietyassestsWithoutServiceCompletionDate"/>
  <testcase name="Export" time="11.842" classname="dashboard.AdminSocietyassestsWithoutServiceCompletionDate"/>
  <testcase name="Results" time="0.002" classname="dashboard.AdminSocietyassestsWithoutServiceCompletionDate"/>
</testsuite> <!-- dashboard.AdminSocietyassestsWithoutServiceCompletionDate -->
