<?xml version="1.0" encoding="UTF-8"?>
<!-- Generated by org.testng.reporters.JUnitReportReporter -->
<testsuite hostname="ItsmyAccount-PC" name="MyFinance.Fixedinvoice" tests="1" failures="0" timestamp="10 Sep 2016 06:55:50 GMT" time="102.481" errors="0">
  <testcase name="invoice" time="102.481" classname="MyFinance.Fixedinvoice"/>
</testsuite> <!-- MyFinance.Fixedinvoice -->
