<?xml version="1.0" encoding="UTF-8"?>
<!-- Generated by org.testng.reporters.JUnitReportReporter -->
<testsuite hostname="ItsmyAccount-PC" name="MyFacilities.BookTenantFacilityWithTenantLogin" tests="1" failures="0" timestamp="6 Nov 2017 10:46:35 GMT" time="112.052" errors="0">
  <testcase name="BookingFacility" time="112.052" classname="MyFacilities.BookTenantFacilityWithTenantLogin"/>
</testsuite> <!-- MyFacilities.BookTenantFacilityWithTenantLogin -->
