<?xml version="1.0" encoding="UTF-8"?>
<!-- Generated by org.testng.reporters.JUnitReportReporter -->
<testsuite skipped="0" hostname="IMA-PC" name="dashboard.Managerole" tests="4" failures="0" timestamp="22 Nov 2017 07:05:02 GMT" time="262.891" errors="0">
  <testcase name="AddRole" time="83.628" classname="dashboard.Managerole"/>
  <testcase name="EditRole" time="56.934" classname="dashboard.Managerole"/>
  <testcase name="DeleteRole" time="41.383" classname="dashboard.Managerole"/>
  <testcase name="AddNewRole" time="80.946" classname="dashboard.Managerole"/>
</testsuite> <!-- dashboard.Managerole -->
