<?xml version="1.0" encoding="UTF-8"?>
<!-- Generated by org.testng.reporters.JUnitReportReporter -->
<testsuite hostname="ItsmyAccount-PC" name="dashboard.MemberRegularVendor" tests="5" failures="0" timestamp="13 Oct 2017 10:41:44 GMT" time="61.596" errors="0">
  <testcase name="Export" time="6.919" classname="dashboard.MemberRegularVendor"/>
  <testcase name="Results" time="0.000" classname="dashboard.MemberRegularVendor"/>
  <testcase name="RegularVendorsData" time="13.544" classname="dashboard.MemberRegularVendor"/>
  <testcase name="Search" time="26.379" classname="dashboard.MemberRegularVendor"/>
  <testcase name="login" time="14.754" classname="dashboard.MemberRegularVendor"/>
</testsuite> <!-- dashboard.MemberRegularVendor -->
