<?xml version="1.0" encoding="UTF-8"?>
<!-- Generated by org.testng.reporters.JUnitReportReporter -->
<testsuite skipped="0" hostname="IMA-PC" name="dashboard.AdminSocietyInventoryInchargeDetails" tests="3" failures="0" timestamp="27 Nov 2017 10:38:18 GMT" time="60.538" errors="0">
  <testcase name="Login" time="23.424" classname="dashboard.AdminSocietyInventoryInchargeDetails"/>
  <testcase name="EditInchargeDetails" time="37.113" classname="dashboard.AdminSocietyInventoryInchargeDetails"/>
  <testcase name="Results" time="0.001" classname="dashboard.AdminSocietyInventoryInchargeDetails"/>
</testsuite> <!-- dashboard.AdminSocietyInventoryInchargeDetails -->
