<?xml version="1.0" encoding="UTF-8"?>
<!-- Generated by org.testng.reporters.JUnitReportReporter -->
<testsuite hostname="ItsmyAccount-PC" name="MyFacilities.simulationOfFacilityWithPackagePricesfor6hrsWithAdminLogin" tests="1" failures="0" timestamp="28 Apr 2017 10:28:08 GMT" time="107.511" errors="0">
  <testcase name="BookingFacility" time="107.511" classname="MyFacilities.simulationOfFacilityWithPackagePricesfor6hrsWithAdminLogin"/>
</testsuite> <!-- MyFacilities.simulationOfFacilityWithPackagePricesfor6hrsWithAdminLogin -->
