<?xml version="1.0" encoding="UTF-8"?>
<!-- Generated by org.testng.reporters.JUnitReportReporter -->
<testsuite hostname="ItsmyAccount-PC" name="MyFacilities.BookFreeFacilityWith30Mints" tests="1" failures="0" timestamp="19 Mar 2017 05:59:09 GMT" time="112.580" errors="0">
  <testcase name="BookingFacility" time="112.580" classname="MyFacilities.BookFreeFacilityWith30Mints"/>
</testsuite> <!-- MyFacilities.BookFreeFacilityWith30Mints -->
