<?xml version="1.0" encoding="UTF-8"?>
<!-- Generated by org.testng.reporters.JUnitReportReporter -->
<testsuite hostname="ItsmyAccount-PC" name="dashboard.Amcdetails" tests="3" failures="0" timestamp="19 Oct 2016 06:53:22 GMT" time="60.211" errors="0">
  <testcase name="Login" time="28.234" classname="dashboard.Amcdetails"/>
  <testcase name="AmcDetails" time="21.478" classname="dashboard.Amcdetails"/>
  <testcase name="Export" time="10.499" classname="dashboard.Amcdetails"/>
</testsuite> <!-- dashboard.Amcdetails -->
