<?xml version="1.0" encoding="UTF-8"?>
<!-- Generated by org.testng.reporters.JUnitReportReporter -->
<testsuite hostname="ItsmyAccount-PC" name="dashboard.MemberSocietyAssets" tests="2" failures="0" timestamp="27 Oct 2016 08:27:45 GMT" time="84.896" errors="0">
  <testcase name="Login" time="29.398" classname="dashboard.MemberSocietyAssets"/>
  <testcase name="SocietyAssets" time="55.498" classname="dashboard.MemberSocietyAssets"/>
</testsuite> <!-- dashboard.MemberSocietyAssets -->
