<?xml version="1.0" encoding="UTF-8"?>
<!-- Generated by org.testng.reporters.JUnitReportReporter -->
<testsuite skipped="0" hostname="IMA-PC" name="dashboard.AdminSocietyMeetingCalendarWithoutSms" tests="5" failures="0" timestamp="25 Nov 2017 05:11:29 GMT" time="239.382" errors="0">
  <testcase name="Login" time="19.393" classname="dashboard.AdminSocietyMeetingCalendarWithoutSms"/>
  <testcase name="WithoutSmsAndEnableEmail" time="76.547" classname="dashboard.AdminSocietyMeetingCalendarWithoutSms"/>
  <testcase name="BooingWithSameDetailsWithoutSms" time="62.498" classname="dashboard.AdminSocietyMeetingCalendarWithoutSms"/>
  <testcase name="CancelMeeting" time="80.942" classname="dashboard.AdminSocietyMeetingCalendarWithoutSms"/>
  <testcase name="Results" time="0.002" classname="dashboard.AdminSocietyMeetingCalendarWithoutSms"/>
</testsuite> <!-- dashboard.AdminSocietyMeetingCalendarWithoutSms -->
