<?xml version="1.0" encoding="UTF-8"?>
<!-- Generated by org.testng.reporters.JUnitReportReporter -->
<testsuite skipped="0" hostname="IMA-PC" name="dashboard.MemberMyAccount" tests="2" failures="0" timestamp="29 Nov 2017 11:40:45 GMT" time="87.251" errors="0">
  <testcase name="MyAccount" time="87.249" classname="dashboard.MemberMyAccount"/>
  <testcase name="Results" time="0.002" classname="dashboard.MemberMyAccount"/>
</testsuite> <!-- dashboard.MemberMyAccount -->
