<?xml version="1.0" encoding="UTF-8"?>
<!-- Generated by org.testng.reporters.JUnitReportReporter -->
<testsuite hostname="ItsmyAccount-PC" name="dashboard.Templates" tests="2" failures="0" timestamp="21 Dec 2016 09:06:20 GMT" time="31.468" errors="0">
  <testcase name="TemplatesDownloads" time="5.184" classname="dashboard.Templates"/>
  <testcase name="Login" time="26.284" classname="dashboard.Templates"/>
</testsuite> <!-- dashboard.Templates -->
