<?xml version="1.0" encoding="UTF-8"?>
<!-- Generated by org.testng.reporters.JUnitReportReporter -->
<testsuite hostname="ItsmyAccount-PC" name="IntegrationWithBiometric.EditSeravntmaidListWithUnTickSMS" tests="3" failures="0" timestamp="28 Oct 2017 05:18:08 GMT" time="61.495" errors="0">
  <testcase name="login" time="10.796" classname="IntegrationWithBiometric.EditSeravntmaidListWithUnTickSMS"/>
  <testcase name="EditPreviousRecordsWithUntickSMS" time="50.699" classname="IntegrationWithBiometric.EditSeravntmaidListWithUnTickSMS"/>
  <testcase name="ManuallyNeedToBeCheck" time="0.000" classname="IntegrationWithBiometric.EditSeravntmaidListWithUnTickSMS"/>
</testsuite> <!-- IntegrationWithBiometric.EditSeravntmaidListWithUnTickSMS -->
