<?xml version="1.0" encoding="UTF-8"?>
<!-- Generated by org.testng.reporters.JUnitReportReporter -->
<testsuite skipped="0" hostname="IMA-PC" name="dashboard.AdminProfile" tests="2" failures="0" timestamp="22 Nov 2017 12:22:53 GMT" time="113.614" errors="0">
  <testcase name="SmsSubscription" time="113.613" classname="dashboard.AdminProfile"/>
  <testcase name="Results" time="0.001" classname="dashboard.AdminProfile"/>
</testsuite> <!-- dashboard.AdminProfile -->
