<?xml version="1.0" encoding="UTF-8"?>
<!-- Generated by org.testng.reporters.JUnitReportReporter -->
<testsuite hostname="ItsmyAccount-PC" name="dashboard.Membermaintainance" tests="3" failures="0" timestamp="24 Dec 2016 07:17:46 GMT" time="53.331" errors="0">
  <testcase name="Export" time="11.495" classname="dashboard.Membermaintainance"/>
  <testcase name="Login" time="24.936" classname="dashboard.Membermaintainance"/>
  <testcase name="SearchFunction" time="16.900" classname="dashboard.Membermaintainance"/>
</testsuite> <!-- dashboard.Membermaintainance -->
