<?xml version="1.0" encoding="UTF-8"?>
<!-- Generated by org.testng.reporters.JUnitReportReporter -->
<testsuite hostname="ItsmyAccount-PC" name="dashboard.Maintanance" tests="2" failures="0" timestamp="24 Dec 2016 06:27:34 GMT" time="131.982" errors="0">
  <testcase name="maintanance" time="12.675" classname="dashboard.Maintanance"/>
  <testcase name="AddMaintenanceMember" time="119.307" classname="dashboard.Maintanance"/>
</testsuite> <!-- dashboard.Maintanance -->
