<?xml version="1.0" encoding="UTF-8"?>
<!-- Generated by org.testng.reporters.JUnitReportReporter -->
<testsuite hostname="ItsmyAccount-PC" name="dashboard.GetAdminUserCredentialsAndChangePassword" tests="1" failures="0" timestamp="6 Nov 2017 04:03:21 GMT" time="192.020" errors="0">
  <testcase name="GetCredentialsAndChangePassword" time="192.020" classname="dashboard.GetAdminUserCredentialsAndChangePassword"/>
</testsuite> <!-- dashboard.GetAdminUserCredentialsAndChangePassword -->
