<?xml version="1.0" encoding="UTF-8"?>
<!-- Generated by org.testng.reporters.JUnitReportReporter -->
<testsuite hostname="ItsmyAccount-PC" name="MyFacilities.simulationOfFacilityOFRatesForBOTHWith5hrs30Mints" tests="1" failures="0" timestamp="14 Oct 2017 06:39:36 GMT" time="112.459" errors="0">
  <testcase name="BookingFacility" time="112.459" classname="MyFacilities.simulationOfFacilityOFRatesForBOTHWith5hrs30Mints"/>
</testsuite> <!-- MyFacilities.simulationOfFacilityOFRatesForBOTHWith5hrs30Mints -->
