<?xml version="1.0" encoding="UTF-8"?>
<!-- Generated by org.testng.reporters.JUnitReportReporter -->
<testsuite hostname="ItsmyAccount-PC" name="MyFacilities.CreateFacilityWithHalfDayFulldayPackagePriceDetails" tests="3" failures="0" timestamp="14 Oct 2017 05:08:32 GMT" time="220.061" errors="0">
  <testcase name="AddFacilityAfterDelete" time="61.033" classname="MyFacilities.CreateFacilityWithHalfDayFulldayPackagePriceDetails"/>
  <testcase name="facility" time="91.018" classname="MyFacilities.CreateFacilityWithHalfDayFulldayPackagePriceDetails"/>
  <testcase name="EditAndDeleteFacility" time="68.010" classname="MyFacilities.CreateFacilityWithHalfDayFulldayPackagePriceDetails"/>
</testsuite> <!-- MyFacilities.CreateFacilityWithHalfDayFulldayPackagePriceDetails -->
