<?xml version="1.0" encoding="UTF-8"?>
<!-- Generated by org.testng.reporters.JUnitReportReporter -->
<testsuite hostname="ItsmyAccount-PC" name="MyFacilities.BookingFreeFacilityMoreThanAllowedTimeWithMemberLogin" tests="1" failures="0" timestamp="27 Mar 2017 07:44:49 GMT" time="100.793" errors="0">
  <testcase name="BookingFacility" time="100.793" classname="MyFacilities.BookingFreeFacilityMoreThanAllowedTimeWithMemberLogin"/>
</testsuite> <!-- MyFacilities.BookingFreeFacilityMoreThanAllowedTimeWithMemberLogin -->
