<?xml version="1.0" encoding="UTF-8"?>
<!-- Generated by org.testng.reporters.JUnitReportReporter -->
<testsuite hostname="ItsmyAccount-PC" name="MyFacilities.simulateFacilityWithRatesForBothWithOwnerLogin" tests="1" failures="0" timestamp="20 Apr 2017 12:26:00 GMT" time="118.933" errors="0">
  <testcase name="BookingFacility" time="118.933" classname="MyFacilities.simulateFacilityWithRatesForBothWithOwnerLogin"/>
</testsuite> <!-- MyFacilities.simulateFacilityWithRatesForBothWithOwnerLogin -->
