<?xml version="1.0" encoding="UTF-8"?>
<!-- Generated by org.testng.reporters.JUnitReportReporter -->
<testsuite skipped="0" hostname="IMA-PC" name="dashboard.AdminPostageandcourier" tests="4" failures="0" timestamp="24 Nov 2017 10:45:50 GMT" time="102.906" errors="0">
  <testcase name="Login" time="11.257" classname="dashboard.AdminPostageandcourier"/>
  <testcase name="AddEditAndDeleteCourierDetails" time="80.332" classname="dashboard.AdminPostageandcourier"/>
  <testcase name="Export" time="11.315" classname="dashboard.AdminPostageandcourier"/>
  <testcase name="Results" time="0.002" classname="dashboard.AdminPostageandcourier"/>
</testsuite> <!-- dashboard.AdminPostageandcourier -->
