<?xml version="1.0" encoding="UTF-8"?>
<!-- Generated by org.testng.reporters.JUnitReportReporter -->
<testsuite hostname="ItsmyAccount-PC" name="dashboard.Myfacilities" tests="2" failures="0" timestamp="8 Oct 2016 05:39:18 GMT" time="109.588" errors="0">
  <testcase name="AddFacility" time="78.813" classname="dashboard.Myfacilities"/>
  <testcase name="myfacilities" time="30.775" classname="dashboard.Myfacilities"/>
</testsuite> <!-- dashboard.Myfacilities -->
