<?xml version="1.0" encoding="UTF-8"?>
<!-- Generated by org.testng.reporters.JUnitReportReporter -->
<testsuite hostname="ItsmyAccount-PC" name="MyFacilities.BookOwnerFacilityWithOverLappingTimingsWithMemberLogin" tests="1" failures="0" timestamp="6 Nov 2017 10:41:46 GMT" time="105.252" errors="0">
  <testcase name="BookingFacility" time="105.252" classname="MyFacilities.BookOwnerFacilityWithOverLappingTimingsWithMemberLogin"/>
</testsuite> <!-- MyFacilities.BookOwnerFacilityWithOverLappingTimingsWithMemberLogin -->
