<?xml version="1.0" encoding="UTF-8"?>
<!-- Generated by org.testng.reporters.JUnitReportReporter -->
<testsuite skipped="0" hostname="IMA-PC" name="dashboard.Carparkinglots" tests="4" failures="0" timestamp="24 Nov 2017 09:30:29 GMT" time="107.770" errors="0">
  <testcase name="Login" time="23.378" classname="dashboard.Carparkinglots"/>
  <testcase name="CarParkingLotsMemberDetails" time="57.693" classname="dashboard.Carparkinglots"/>
  <testcase name="SelectCarRentSpaceInProfile" time="26.695" classname="dashboard.Carparkinglots"/>
  <testcase name="Results" time="0.004" classname="dashboard.Carparkinglots"/>
</testsuite> <!-- dashboard.Carparkinglots -->
