<?xml version="1.0" encoding="UTF-8"?>
<!-- Generated by org.testng.reporters.JUnitReportReporter -->
<testsuite hostname="ItsmyAccount-PC" name="MyFacilities.SimulateFacilityOfRatesForBOTHWithAdminLogin" tests="1" failures="0" timestamp="14 Oct 2017 06:34:45 GMT" time="113.043" errors="0">
  <testcase name="BookingFacility" time="113.043" classname="MyFacilities.SimulateFacilityOfRatesForBOTHWithAdminLogin"/>
</testsuite> <!-- MyFacilities.SimulateFacilityOfRatesForBOTHWithAdminLogin -->
