<?xml version="1.0" encoding="UTF-8"?>
<!-- Generated by org.testng.reporters.JUnitReportReporter -->
<testsuite hostname="ItsmyAccount-PC" name="MyFacilities.CancelOTHFacilityWithAdminLogin" tests="1" failures="0" timestamp="6 Nov 2017 11:35:32 GMT" time="82.599" errors="0">
  <testcase name="CancelFacility" time="82.599" classname="MyFacilities.CancelOTHFacilityWithAdminLogin"/>
</testsuite> <!-- MyFacilities.CancelOTHFacilityWithAdminLogin -->
