<?xml version="1.0" encoding="UTF-8"?>
<!-- Generated by org.testng.reporters.JUnitReportReporter -->
<testsuite skipped="0" hostname="IMA-PC" name="dashboard.MemberSocietyInventory" tests="9" failures="0" timestamp="27 Nov 2017 11:05:56 GMT" time="173.379" errors="0">
  <testcase name="Login" time="25.826" classname="dashboard.MemberSocietyInventory"/>
  <testcase name="MigratedItems" time="10.642" classname="dashboard.MemberSocietyInventory"/>
  <testcase name="Reciepts" time="10.543" classname="dashboard.MemberSocietyInventory"/>
  <testcase name="Issues" time="28.433" classname="dashboard.MemberSocietyInventory"/>
  <testcase name="LoginAgain" time="13.995" classname="dashboard.MemberSocietyInventory"/>
  <testcase name="SocietyInventoryReports" time="25.135" classname="dashboard.MemberSocietyInventory"/>
  <testcase name="LoginToGetSelectedItemsReports" time="23.011" classname="dashboard.MemberSocietyInventory"/>
  <testcase name="GetreportOfGivenItem" time="35.793" classname="dashboard.MemberSocietyInventory"/>
  <testcase name="Results" time="0.001" classname="dashboard.MemberSocietyInventory"/>
</testsuite> <!-- dashboard.MemberSocietyInventory -->
