<?xml version="1.0" encoding="UTF-8"?>
<!-- Generated by org.testng.reporters.JUnitReportReporter -->
<testsuite hostname="ItsmyAccount-PC" name="MyFacilities.SimulateFacilityOfRatesForBothWithTenantLogin" tests="1" failures="0" timestamp="14 Oct 2017 06:31:23 GMT" time="107.870" errors="0">
  <testcase name="BookingFacility" time="107.870" classname="MyFacilities.SimulateFacilityOfRatesForBothWithTenantLogin"/>
</testsuite> <!-- MyFacilities.SimulateFacilityOfRatesForBothWithTenantLogin -->
