<?xml version="1.0" encoding="UTF-8"?>
<!-- Generated by org.testng.reporters.JUnitReportReporter -->
<testsuite hostname="ItsmyAccount-PC" name="dashboard.AdminPdcDelete" tests="2" failures="0" timestamp="3 Nov 2016 10:47:57 GMT" time="178.967" errors="0">
  <testcase name="Login" time="29.257" classname="dashboard.AdminPdcDelete"/>
  <testcase name="DeletePdc" time="149.710" classname="dashboard.AdminPdcDelete"/>
</testsuite> <!-- dashboard.AdminPdcDelete -->
