<?xml version="1.0" encoding="UTF-8"?>
<!-- Generated by org.testng.reporters.JUnitReportReporter -->
<testsuite hostname="ItsmyAccount-PC" name="MyFacilities.CancelOwnerFacility" tests="1" failures="0" timestamp="6 Nov 2017 11:25:56 GMT" time="80.245" errors="0">
  <testcase name="CancelFacility" time="80.245" classname="MyFacilities.CancelOwnerFacility"/>
</testsuite> <!-- MyFacilities.CancelOwnerFacility -->
