<?xml version="1.0" encoding="UTF-8"?>
<!-- Generated by org.testng.reporters.JUnitReportReporter -->
<testsuite hostname="ItsmyAccount-PC" name="dashboard.Societydocuments" tests="5" failures="0" timestamp="4 Feb 2017 12:26:24 GMT" time="133.250" errors="0">
  <testcase name="EditDocument" time="39.804" classname="dashboard.Societydocuments"/>
  <testcase name="Results" time="0.003" classname="dashboard.Societydocuments"/>
  <testcase name="DeleteDocument" time="19.253" classname="dashboard.Societydocuments"/>
  <testcase name="Login" time="23.899" classname="dashboard.Societydocuments"/>
  <testcase name="AddDocument" time="50.291" classname="dashboard.Societydocuments"/>
</testsuite> <!-- dashboard.Societydocuments -->
