<?xml version="1.0" encoding="UTF-8"?>
<!-- Generated by org.testng.reporters.JUnitReportReporter -->
<testsuite skipped="0" hostname="IMA-PC" name="dashboard.AdminSocietyAssetWithServiceCompletionDate" tests="3" failures="0" timestamp="26 Nov 2017 05:39:33 GMT" time="168.478" errors="0">
  <testcase name="Login" time="32.829" classname="dashboard.AdminSocietyAssetWithServiceCompletionDate"/>
  <testcase name="AddAssestForFillinfServiceCompletionDate" time="135.641" classname="dashboard.AdminSocietyAssetWithServiceCompletionDate"/>
  <testcase name="Results" time="0.008" classname="dashboard.AdminSocietyAssetWithServiceCompletionDate"/>
</testsuite> <!-- dashboard.AdminSocietyAssetWithServiceCompletionDate -->
