<?xml version="1.0" encoding="UTF-8"?>
<!-- Generated by org.testng.reporters.JUnitReportReporter -->
<testsuite hostname="ItsmyAccount-PC" name="IntegrationWithBiometric.AddVacantCaraprkingToVisitors" tests="9" failures="0" timestamp="26 Oct 2017 07:49:00 GMT" time="309.023" errors="0">
  <testcase name="AddRecordForSimulation" time="15.465" classname="IntegrationWithBiometric.AddVacantCaraprkingToVisitors"/>
  <testcase name="EditFirstRecord" time="40.148" classname="IntegrationWithBiometric.AddVacantCaraprkingToVisitors"/>
  <testcase name="Add2Record" time="62.047" classname="IntegrationWithBiometric.AddVacantCaraprkingToVisitors"/>
  <testcase name="CheckStatusInvacantCarParking" time="27.216" classname="IntegrationWithBiometric.AddVacantCaraprkingToVisitors"/>
  <testcase name="AssignCarparkingLotToFrequentVisitor" time="22.291" classname="IntegrationWithBiometric.AddVacantCaraprkingToVisitors"/>
  <testcase name="Login" time="18.584" classname="IntegrationWithBiometric.AddVacantCaraprkingToVisitors"/>
  <testcase name="StatusCheckInVacantcarparking" time="24.992" classname="IntegrationWithBiometric.AddVacantCaraprkingToVisitors"/>
  <testcase name="EditingPreviouRecordAsFrequent" time="32.558" classname="IntegrationWithBiometric.AddVacantCaraprkingToVisitors"/>
  <testcase name="AddVisitorRecord" time="65.722" classname="IntegrationWithBiometric.AddVacantCaraprkingToVisitors"/>
</testsuite> <!-- IntegrationWithBiometric.AddVacantCaraprkingToVisitors -->
