<?xml version="1.0" encoding="UTF-8"?>
<!-- Generated by org.testng.reporters.JUnitReportReporter -->
<testsuite hostname="ItsmyAccount-PC" name="MyFacilities.SimulationOftenantFacilityWithAdminLogin" tests="1" failures="0" timestamp="6 Nov 2017 11:00:46 GMT" time="99.525" errors="0">
  <testcase name="BookingFacility" time="99.525" classname="MyFacilities.SimulationOftenantFacilityWithAdminLogin"/>
</testsuite> <!-- MyFacilities.SimulationOftenantFacilityWithAdminLogin -->
