<?xml version="1.0" encoding="UTF-8"?>
<!-- Generated by org.testng.reporters.JUnitReportReporter -->
<testsuite hostname="ItsmyAccount-PC" name="MyFacilities.SimulateOTHFacilityFor1hr30mintsWithAdminLogin" tests="1" failures="0" timestamp="14 Oct 2017 06:05:49 GMT" time="100.526" errors="0">
  <testcase name="BookingFacility" time="100.526" classname="MyFacilities.SimulateOTHFacilityFor1hr30mintsWithAdminLogin"/>
</testsuite> <!-- MyFacilities.SimulateOTHFacilityFor1hr30mintsWithAdminLogin -->
