<?xml version="1.0" encoding="UTF-8"?>
<!-- Generated by org.testng.reporters.JUnitReportReporter -->
<testsuite hostname="ItsmyAccount-PC" name="dashboard.SocietyinventoryMigratedItems" tests="4" failures="0" timestamp="25 Jan 2017 12:06:23 GMT" time="242.970" errors="0">
  <testcase name="Export" time="23.265" classname="dashboard.SocietyinventoryMigratedItems"/>
  <testcase name="Results" time="0.007" classname="dashboard.SocietyinventoryMigratedItems"/>
  <testcase name="Login" time="31.492" classname="dashboard.SocietyinventoryMigratedItems"/>
  <testcase name="MogratedItems" time="188.206" classname="dashboard.SocietyinventoryMigratedItems"/>
</testsuite> <!-- dashboard.SocietyinventoryMigratedItems -->
