<?xml version="1.0" encoding="UTF-8"?>
<!-- Generated by org.testng.reporters.JUnitReportReporter -->
<testsuite hostname="ItsmyAccount-PC" name="MyFacilities.SimulationOfFacilityWithPackagePricesWithOwnerLogin" tests="1" failures="0" timestamp="14 Oct 2017 07:32:58 GMT" time="102.946" errors="0">
  <testcase name="BookingFacility" time="102.946" classname="MyFacilities.SimulationOfFacilityWithPackagePricesWithOwnerLogin"/>
</testsuite> <!-- MyFacilities.SimulationOfFacilityWithPackagePricesWithOwnerLogin -->
