<?xml version="1.0" encoding="UTF-8"?>
<!-- Generated by org.testng.reporters.JUnitReportReporter -->
<testsuite hostname="ItsmyAccount-PC" name="dashboard.IndianBluebook" tests="1" failures="0" timestamp="9 Nov 2017 09:54:57 GMT" time="165.377" errors="0">
  <testcase name="AllUsers" time="165.377" classname="dashboard.IndianBluebook"/>
</testsuite> <!-- dashboard.IndianBluebook -->
