<?xml version="1.0" encoding="UTF-8"?>
<!-- Generated by org.testng.reporters.JUnitReportReporter -->
<testsuite skipped="0" hostname="IMA-PC" name="dashboard.MemberPersonalDocuments" tests="3" failures="0" timestamp="29 Nov 2017 12:17:32 GMT" time="170.811" errors="0">
  <testcase name="Login" time="27.175" classname="dashboard.MemberPersonalDocuments"/>
  <testcase name="MyPersonalDocuments" time="143.635" classname="dashboard.MemberPersonalDocuments"/>
  <testcase name="Results" time="0.001" classname="dashboard.MemberPersonalDocuments"/>
</testsuite> <!-- dashboard.MemberPersonalDocuments -->
