<?xml version="1.0" encoding="UTF-8"?>
<!-- Generated by org.testng.reporters.JUnitReportReporter -->
<testsuite hostname="ItsmyAccount-PC" name="dashboard.SocietyInVentoryReceipts" tests="2" failures="0" timestamp="23 Oct 2016 11:08:07 GMT" time="204.742" errors="0">
  <testcase name="Login" time="28.343" classname="dashboard.SocietyInVentoryReceipts"/>
  <testcase name="AddAndEditReciepts" time="176.399" classname="dashboard.SocietyInVentoryReceipts"/>
</testsuite> <!-- dashboard.SocietyInVentoryReceipts -->
