<?xml version="1.0" encoding="UTF-8"?>
<!-- Generated by org.testng.reporters.JUnitReportReporter -->
<testsuite hostname="ItsmyAccount-PC" name="IntegrationWithBiometric.RegularVendorsWithBadgeId" tests="3" failures="0" timestamp="25 Oct 2017 05:44:39 GMT" time="173.773" errors="0">
  <testcase name="AddVendorDetails" time="142.720" classname="IntegrationWithBiometric.RegularVendorsWithBadgeId"/>
  <testcase name="Login" time="14.235" classname="IntegrationWithBiometric.RegularVendorsWithBadgeId"/>
  <testcase name="EditRecordWithExistedBadgeId" time="16.818" classname="IntegrationWithBiometric.RegularVendorsWithBadgeId"/>
</testsuite> <!-- IntegrationWithBiometric.RegularVendorsWithBadgeId -->
