<?xml version="1.0" encoding="UTF-8"?>
<!-- Generated by org.testng.reporters.JUnitReportReporter -->
<testsuite hostname="ItsmyAccount-PC" name="MyFacilities.CancelFacilityOfRatesForBothWithSplPackageAndhourlyratesWithAdminLogin" tests="1" failures="0" timestamp="14 Oct 2017 06:45:53 GMT" time="83.965" errors="0">
  <testcase name="CancelFacility" time="83.965" classname="MyFacilities.CancelFacilityOfRatesForBothWithSplPackageAndhourlyratesWithAdminLogin"/>
</testsuite> <!-- MyFacilities.CancelFacilityOfRatesForBothWithSplPackageAndhourlyratesWithAdminLogin -->
