<?xml version="1.0" encoding="UTF-8"?>
<!-- Generated by org.testng.reporters.JUnitReportReporter -->
<testsuite hostname="ItsmyAccount-PC" name="dashboard.AdminSarvantmaidlist" tests="4" failures="0" timestamp="9 Jan 2017 09:17:24 GMT" time="165.496" errors="0">
  <testcase name="Export" time="15.746" classname="dashboard.AdminSarvantmaidlist"/>
  <testcase name="AddServantDetails" time="128.342" classname="dashboard.AdminSarvantmaidlist"/>
  <testcase name="Results" time="0.001" classname="dashboard.AdminSarvantmaidlist"/>
  <testcase name="Login" time="21.407" classname="dashboard.AdminSarvantmaidlist"/>
</testsuite> <!-- dashboard.AdminSarvantmaidlist -->
