<?xml version="1.0" encoding="UTF-8"?>
<!-- Generated by org.testng.reporters.JUnitReportReporter -->
<testsuite hostname="ItsmyAccount-PC" name="MyFacilities.BookOTHFacilityWithAdminLogin" tests="1" failures="0" timestamp="6 Nov 2017 11:16:43 GMT" time="106.331" errors="0">
  <testcase name="BookingFacility" time="106.331" classname="MyFacilities.BookOTHFacilityWithAdminLogin"/>
</testsuite> <!-- MyFacilities.BookOTHFacilityWithAdminLogin -->
