<?xml version="1.0" encoding="UTF-8"?>
<!-- Generated by org.testng.reporters.JUnitReportReporter -->
<testsuite hostname="ItsmyAccount-PC" name="dashboard.profile" tests="2" failures="0" timestamp="2 Oct 2017 08:05:40 GMT" time="73.460" errors="0">
  <testcase name="Results" time="0.003" classname="dashboard.profile"/>
  <testcase name="SmsSubscription" time="73.457" classname="dashboard.profile"/>
</testsuite> <!-- dashboard.profile -->
