<?xml version="1.0" encoding="UTF-8"?>
<!-- Generated by org.testng.reporters.JUnitReportReporter -->
<testsuite hostname="ItsmyAccount-PC" name="MyFacilities.SimulateOTHFacilityWithOwnerLogin" tests="1" failures="0" timestamp="14 Oct 2017 06:08:34 GMT" time="106.183" errors="0">
  <testcase name="BookingFacility" time="106.183" classname="MyFacilities.SimulateOTHFacilityWithOwnerLogin"/>
</testsuite> <!-- MyFacilities.SimulateOTHFacilityWithOwnerLogin -->
