<?xml version="1.0" encoding="UTF-8"?>
<!-- Generated by org.testng.reporters.JUnitReportReporter -->
<testsuite skipped="0" hostname="IMA-PC" name="dashboard.Membercomplaints" tests="5" failures="0" timestamp="29 Nov 2017 10:58:33 GMT" time="193.299" errors="0">
  <testcase name="Login" time="27.433" classname="dashboard.Membercomplaints"/>
  <testcase name="AddComplaints" time="74.265" classname="dashboard.Membercomplaints"/>
  <testcase name="EditAndDeleteComplaint" time="71.850" classname="dashboard.Membercomplaints"/>
  <testcase name="SearchByCategory" time="19.747" classname="dashboard.Membercomplaints"/>
  <testcase name="Results" time="0.004" classname="dashboard.Membercomplaints"/>
</testsuite> <!-- dashboard.Membercomplaints -->
