<?xml version="1.0" encoding="UTF-8"?>
<!-- Generated by org.testng.reporters.JUnitReportReporter -->
<testsuite hostname="ItsmyAccount-PC" name="MyFacilities.BookTenantFacilityWithOverlapTimingWithAdminLogin" tests="1" failures="0" timestamp="6 Nov 2017 11:08:25 GMT" time="108.163" errors="0">
  <testcase name="BookingFacility" time="108.163" classname="MyFacilities.BookTenantFacilityWithOverlapTimingWithAdminLogin"/>
</testsuite> <!-- MyFacilities.BookTenantFacilityWithOverlapTimingWithAdminLogin -->
