<?xml version="1.0" encoding="UTF-8"?>
<!-- Generated by org.testng.reporters.JUnitReportReporter -->
<testsuite hostname="ItsmyAccount-PC" name="dashboard.GetMemberUserCredentialsAndChangePassword" tests="1" failures="0" timestamp="6 Nov 2017 04:31:18 GMT" time="206.935" errors="0">
  <testcase name="GetcredentialsAndChangepassword" time="206.935" classname="dashboard.GetMemberUserCredentialsAndChangePassword"/>
</testsuite> <!-- dashboard.GetMemberUserCredentialsAndChangePassword -->
