<?xml version="1.0" encoding="UTF-8"?>
<!-- Generated by org.testng.reporters.JUnitReportReporter -->
<testsuite hostname="ItsmyAccount-PC" name="MyFacilities.SimulationOfOwnerFacility" tests="1" failures="0" timestamp="6 Nov 2017 10:21:02 GMT" time="99.726" errors="0">
  <testcase name="BookingFacility" time="99.726" classname="MyFacilities.SimulationOfOwnerFacility"/>
</testsuite> <!-- MyFacilities.SimulationOfOwnerFacility -->
