<?xml version="1.0" encoding="UTF-8"?>
<!-- Generated by org.testng.reporters.JUnitReportReporter -->
<testsuite hostname="ItsmyAccount-PC" name="IntegrationWithBiometric.AddRegularVendorWithoutSMSTick" tests="2" failures="0" timestamp="26 Oct 2017 04:40:18 GMT" time="104.518" errors="0">
  <testcase name="Login" time="13.199" classname="IntegrationWithBiometric.AddRegularVendorWithoutSMSTick"/>
  <testcase name="AddVendorDetails" time="91.319" classname="IntegrationWithBiometric.AddRegularVendorWithoutSMSTick"/>
</testsuite> <!-- IntegrationWithBiometric.AddRegularVendorWithoutSMSTick -->
