<?xml version="1.0" encoding="UTF-8"?>
<!-- Generated by org.testng.reporters.JUnitReportReporter -->
<testsuite hostname="ItsmyAccount-PC" name="MyFacilities.simulationOfFacilityWithPackagePricesWithAdminLogin" tests="1" failures="0" timestamp="27 Apr 2017 12:41:35 GMT" time="106.993" errors="0">
  <testcase name="BookingFacility" time="106.993" classname="MyFacilities.simulationOfFacilityWithPackagePricesWithAdminLogin"/>
</testsuite> <!-- MyFacilities.simulationOfFacilityWithPackagePricesWithAdminLogin -->
