<?xml version="1.0" encoding="UTF-8"?>
<!-- Generated by org.testng.reporters.JUnitReportReporter -->
<testsuite hostname="ItsmyAccount-PC" name="MyFacilities.SimulationOfFacilityWithHalfAndFullDaypricesfor1dayWithAdminLogin" tests="1" failures="0" timestamp="14 Oct 2017 07:27:07 GMT" time="99.704" errors="0">
  <testcase name="BookingFacility" time="99.704" classname="MyFacilities.SimulationOfFacilityWithHalfAndFullDaypricesfor1dayWithAdminLogin"/>
</testsuite> <!-- MyFacilities.SimulationOfFacilityWithHalfAndFullDaypricesfor1dayWithAdminLogin -->
