<?xml version="1.0" encoding="UTF-8"?>
<!-- Generated by org.testng.reporters.JUnitReportReporter -->
<testsuite hostname="ItsmyAccount-PC" name="dashboard.ManagemembersRoleAvailabilityCheckingInManageMembers" tests="3" failures="0" timestamp="3 Oct 2016 06:00:24 GMT" time="57.838" errors="0">
  <testcase name="Login" time="14.307" classname="dashboard.ManagemembersRoleAvailabilityCheckingInManageMembers"/>
  <testcase name="RoleAvailability" time="25.409" classname="dashboard.ManagemembersRoleAvailabilityCheckingInManageMembers"/>
  <testcase name="DeleteRoleAfterAssignToMember" time="18.122" classname="dashboard.ManagemembersRoleAvailabilityCheckingInManageMembers"/>
</testsuite> <!-- dashboard.ManagemembersRoleAvailabilityCheckingInManageMembers -->
