<?xml version="1.0" encoding="UTF-8"?>
<!-- Generated by org.testng.reporters.JUnitReportReporter -->
<testsuite hostname="ItsmyAccount-PC" name="MyFacilities.BookOwnerFacilityWithOverlappingTimingsWithAdminLogin" tests="1" failures="0" timestamp="6 Nov 2017 10:39:21 GMT" time="111.131" errors="0">
  <testcase name="BookingFacility" time="111.131" classname="MyFacilities.BookOwnerFacilityWithOverlappingTimingsWithAdminLogin"/>
</testsuite> <!-- MyFacilities.BookOwnerFacilityWithOverlappingTimingsWithAdminLogin -->
