<?xml version="1.0" encoding="UTF-8"?>
<!-- Generated by org.testng.reporters.JUnitReportReporter -->
<testsuite hostname="ItsmyAccount-PC" name="MyFacilities.SimulateOwnerFacilityWithMemberLogin" tests="1" failures="0" timestamp="6 Nov 2017 10:25:51 GMT" time="97.121" errors="0">
  <testcase name="BookingFacility" time="97.121" classname="MyFacilities.SimulateOwnerFacilityWithMemberLogin"/>
</testsuite> <!-- MyFacilities.SimulateOwnerFacilityWithMemberLogin -->
