<?xml version="1.0" encoding="UTF-8"?>
<!-- Generated by org.testng.reporters.JUnitReportReporter -->
<testsuite hostname="ItsmyAccount-PC" name="dashboard.Myresidents" tests="5" failures="0" timestamp="22 Dec 2016 07:55:30 GMT" time="222.321" errors="0">
  <testcase name="SendMailWithAttachment" time="45.095" classname="dashboard.Myresidents"/>
  <testcase name="Login" time="34.180" classname="dashboard.Myresidents"/>
  <testcase name="SortingOccupancy" time="48.388" classname="dashboard.Myresidents"/>
  <testcase name="SendSMS" time="50.504" classname="dashboard.Myresidents"/>
  <testcase name="SendMailwithoutAttachment" time="44.154" classname="dashboard.Myresidents"/>
</testsuite> <!-- dashboard.Myresidents -->
