<?xml version="1.0" encoding="UTF-8"?>
<!-- Generated by org.testng.reporters.JUnitReportReporter -->
<testsuite skipped="0" hostname="IMA-PC" name="dashboard.Errornotifications" tests="2" failures="0" timestamp="23 Nov 2017 10:58:09 GMT" time="19.619" errors="0">
  <testcase name="Login" time="11.474" classname="dashboard.Errornotifications"/>
  <testcase name="ErrorNotifications" time="8.145" classname="dashboard.Errornotifications"/>
</testsuite> <!-- dashboard.Errornotifications -->
