<?xml version="1.0" encoding="UTF-8"?>
<!-- Generated by org.testng.reporters.JUnitReportReporter -->
<testsuite skipped="0" hostname="IMA-PC" name="dashboard.AdminAttendanceRegister" tests="5" failures="0" timestamp="25 Nov 2017 04:49:38 GMT" time="87.574" errors="0">
  <testcase name="Login" time="16.484" classname="dashboard.AdminAttendanceRegister"/>
  <testcase name="AttendanceRegister" time="31.429" classname="dashboard.AdminAttendanceRegister"/>
  <testcase name="AddAttendanceToMembers" time="28.164" classname="dashboard.AdminAttendanceRegister"/>
  <testcase name="Export" time="11.495" classname="dashboard.AdminAttendanceRegister"/>
  <testcase name="Results" time="0.002" classname="dashboard.AdminAttendanceRegister"/>
</testsuite> <!-- dashboard.AdminAttendanceRegister -->
