<?xml version="1.0" encoding="UTF-8"?>
<!-- Generated by org.testng.reporters.JUnitReportReporter -->
<testsuite skipped="0" hostname="IMA-PC" name="dashboard.MemberPdc" tests="3" failures="0" timestamp="29 Nov 2017 12:13:49 GMT" time="37.254" errors="0">
  <testcase name="Login" time="25.641" classname="dashboard.MemberPdc"/>
  <testcase name="MemberPdcInMyAccount" time="11.606" classname="dashboard.MemberPdc"/>
  <testcase name="Results" time="0.007" classname="dashboard.MemberPdc"/>
</testsuite> <!-- dashboard.MemberPdc -->
