<?xml version="1.0" encoding="UTF-8"?>
<!-- Generated by org.testng.reporters.JUnitReportReporter -->
<testsuite skipped="0" hostname="IMA-PC" name="dashboard.MemberPostagecourierregistor" tests="4" failures="0" timestamp="24 Nov 2017 10:50:02 GMT" time="68.877" errors="0">
  <testcase name="PostageAndCourier" time="14.855" classname="dashboard.MemberPostagecourierregistor"/>
  <testcase name="DataInPostageAndCourierList" time="34.513" classname="dashboard.MemberPostagecourierregistor"/>
  <testcase name="Export" time="19.507" classname="dashboard.MemberPostagecourierregistor"/>
  <testcase name="Results" time="0.002" classname="dashboard.MemberPostagecourierregistor"/>
</testsuite> <!-- dashboard.MemberPostagecourierregistor -->
