<?xml version="1.0" encoding="UTF-8"?>
<!-- Generated by org.testng.reporters.JUnitReportReporter -->
<testsuite hostname="ItsmyAccount-PC" name="MyFacilities.BookingTenantFacilityWithOverlapTimingsWithTenantLogin" tests="1" failures="0" timestamp="6 Nov 2017 11:10:59 GMT" time="109.323" errors="0">
  <testcase name="BookingFacility" time="109.323" classname="MyFacilities.BookingTenantFacilityWithOverlapTimingsWithTenantLogin"/>
</testsuite> <!-- MyFacilities.BookingTenantFacilityWithOverlapTimingsWithTenantLogin -->
