<?xml version="1.0" encoding="UTF-8"?>
<!-- Generated by org.testng.reporters.JUnitReportReporter -->
<testsuite skipped="0" hostname="IMA-PC" name="dashboard.AdminAddEditDeletecomplaints" tests="4" failures="0" timestamp="29 Nov 2017 06:20:53 GMT" time="186.841" errors="0">
  <testcase name="Login" time="28.273" classname="dashboard.AdminAddEditDeletecomplaints"/>
  <testcase name="AddComplaints" time="88.629" classname="dashboard.AdminAddEditDeletecomplaints"/>
  <testcase name="EditAndDeleteComplaint" time="69.933" classname="dashboard.AdminAddEditDeletecomplaints"/>
  <testcase name="Results" time="0.006" classname="dashboard.AdminAddEditDeletecomplaints"/>
</testsuite> <!-- dashboard.AdminAddEditDeletecomplaints -->
