<?xml version="1.0" encoding="UTF-8"?>
<!-- Generated by org.testng.reporters.JUnitReportReporter -->
<testsuite hostname="ItsmyAccount-PC" name="automationframeworks.abstractionimplementation" tests="1" failures="0" timestamp="20 Oct 2017 07:52:46 GMT" time="0.038" errors="0">
  <testcase name="adddetails" time="0.038" classname="automationframeworks.abstractionimplementation"/>
</testsuite> <!-- automationframeworks.abstractionimplementation -->
