<?xml version="1.0" encoding="UTF-8"?>
<!-- Generated by org.testng.reporters.JUnitReportReporter -->
<testsuite hostname="ItsmyAccount-PC" name="dashboard.AdminRegularvendorsWithoutBadgeId" tests="4" failures="0" timestamp="23 Oct 2017 07:28:29 GMT" time="68.150" errors="0">
  <testcase name="Login" time="13.778" classname="dashboard.AdminRegularvendorsWithoutBadgeId"/>
  <testcase name="Export" time="13.975" classname="dashboard.AdminRegularvendorsWithoutBadgeId"/>
  <testcase name="Results" time="0.002" classname="dashboard.AdminRegularvendorsWithoutBadgeId"/>
  <testcase name="AddVendorDetails" time="40.395" classname="dashboard.AdminRegularvendorsWithoutBadgeId"/>
</testsuite> <!-- dashboard.AdminRegularvendorsWithoutBadgeId -->
