<?xml version="1.0" encoding="UTF-8"?>
<!-- Generated by org.testng.reporters.JUnitReportReporter -->
<testsuite hostname="ItsmyAccount-PC" name="IntegrationWithBiometric.InHouseStaffWithBadgeIdAndWithOutSMSTick" tests="4" failures="0" timestamp="26 Oct 2017 09:53:17 GMT" time="116.141" errors="0">
  <testcase name="login" time="10.278" classname="IntegrationWithBiometric.InHouseStaffWithBadgeIdAndWithOutSMSTick"/>
  <testcase name="ManuallyNeedToBeCheck" time="0.002" classname="IntegrationWithBiometric.InHouseStaffWithBadgeIdAndWithOutSMSTick"/>
  <testcase name="EditRecordWithPrevioslyAddedBadgeID" time="14.516" classname="IntegrationWithBiometric.InHouseStaffWithBadgeIdAndWithOutSMSTick"/>
  <testcase name="AddRecordWithoutSMSTick" time="91.345" classname="IntegrationWithBiometric.InHouseStaffWithBadgeIdAndWithOutSMSTick"/>
</testsuite> <!-- IntegrationWithBiometric.InHouseStaffWithBadgeIdAndWithOutSMSTick -->
