<?xml version="1.0" encoding="UTF-8"?>
<!-- Generated by org.testng.reporters.JUnitReportReporter -->
<testsuite skipped="0" hostname="IMA-PC" name="dashboard.MemberContactIMAHelpDesk" tests="3" failures="0" timestamp="30 Nov 2017 10:09:50 GMT" time="115.553" errors="0">
  <testcase name="ContactIMA" time="18.637" classname="dashboard.MemberContactIMAHelpDesk"/>
  <testcase name="SendMailWithoutAttachMent" time="31.147" classname="dashboard.MemberContactIMAHelpDesk"/>
  <testcase name="SendMailWithAttachment" time="65.769" classname="dashboard.MemberContactIMAHelpDesk"/>
</testsuite> <!-- dashboard.MemberContactIMAHelpDesk -->
