<?xml version="1.0" encoding="UTF-8"?>
<!-- Generated by org.testng.reporters.JUnitReportReporter -->
<testsuite hostname="ItsmyAccount-PC" name="dashboard.Productionlogincheck" tests="2" failures="0" timestamp="22 Jul 2017 11:33:51 GMT" time="127.227" errors="0">
  <testcase name="Login" time="35.761" classname="dashboard.Productionlogincheck"/>
  <testcase name="AddFinaceVoucher" time="91.466" classname="dashboard.Productionlogincheck"/>
</testsuite> <!-- dashboard.Productionlogincheck -->
