<?xml version="1.0" encoding="UTF-8"?>
<!-- Generated by org.testng.reporters.JUnitReportReporter -->
<testsuite hostname="ItsmyAccount-PC" name="IntegrationWithBiometric.AdminVacantcarparking" tests="7" failures="0" timestamp="30 Oct 2017 09:18:25 GMT" time="258.090" errors="0">
  <testcase name="AddOneMoreRecord" time="41.084" classname="IntegrationWithBiometric.AdminVacantcarparking"/>
  <testcase name="AnyTextSearchAndExport" time="59.299" classname="IntegrationWithBiometric.AdminVacantcarparking"/>
  <testcase name="Results" time="0.003" classname="IntegrationWithBiometric.AdminVacantcarparking"/>
  <testcase name="EditAndDelete" time="59.898" classname="IntegrationWithBiometric.AdminVacantcarparking"/>
  <testcase name="Addvacantcarparking" time="42.361" classname="IntegrationWithBiometric.AdminVacantcarparking"/>
  <testcase name="Login" time="13.967" classname="IntegrationWithBiometric.AdminVacantcarparking"/>
  <testcase name="AddRecord" time="41.478" classname="IntegrationWithBiometric.AdminVacantcarparking"/>
</testsuite> <!-- IntegrationWithBiometric.AdminVacantcarparking -->
