<?xml version="1.0" encoding="UTF-8"?>
<!-- Generated by org.testng.reporters.JUnitReportReporter -->
<testsuite hostname="ItsmyAccount-PC" name="MyFacilities.BookOTHFacilityWithSameTimingOverlap" tests="1" failures="0" timestamp="6 Nov 2017 11:19:25 GMT" time="107.912" errors="0">
  <testcase name="BookingFacility" time="107.912" classname="MyFacilities.BookOTHFacilityWithSameTimingOverlap"/>
</testsuite> <!-- MyFacilities.BookOTHFacilityWithSameTimingOverlap -->
