<?xml version="1.0" encoding="UTF-8"?>
<!-- Generated by org.testng.reporters.JUnitReportReporter -->
<testsuite hostname="ItsmyAccount-PC" name="MyFacilities.CancelTenantFacility" tests="1" failures="0" timestamp="6 Nov 2017 11:30:37 GMT" time="93.791" errors="0">
  <testcase name="CancelFacility" time="93.791" classname="MyFacilities.CancelTenantFacility"/>
</testsuite> <!-- MyFacilities.CancelTenantFacility -->
