<?xml version="1.0" encoding="UTF-8"?>
<!-- Generated by org.testng.reporters.JUnitReportReporter -->
<testsuite hostname="ItsmyAccount-PC" name="MyFacilities.BookFacilityOfRatesForBothWithSplPackageAndhourlyrates" tests="1" failures="0" timestamp="14 Oct 2017 06:42:16 GMT" time="127.844" errors="0">
  <testcase name="BookingFacility" time="127.844" classname="MyFacilities.BookFacilityOfRatesForBothWithSplPackageAndhourlyrates"/>
</testsuite> <!-- MyFacilities.BookFacilityOfRatesForBothWithSplPackageAndhourlyrates -->
