<?xml version="1.0" encoding="UTF-8"?>
<!-- Generated by org.testng.reporters.JUnitReportReporter -->
<testsuite hostname="ItsmyAccount-PC" name="MyFacilities.simulationOfFacilityWithPackagePricesWithTenantLogin" tests="1" failures="0" timestamp="27 Apr 2017 12:22:19 GMT" time="113.398" errors="0">
  <testcase name="BookingFacility" time="113.398" classname="MyFacilities.simulationOfFacilityWithPackagePricesWithTenantLogin"/>
</testsuite> <!-- MyFacilities.simulationOfFacilityWithPackagePricesWithTenantLogin -->
