<?xml version="1.0" encoding="UTF-8"?>
<!-- Generated by org.testng.reporters.JUnitReportReporter -->
<testsuite hostname="ItsmyAccount-PC" name="dashboard.MemberAmcDetails" tests="2" failures="0" timestamp="27 Oct 2016 05:43:52 GMT" time="53.809" errors="0">
  <testcase name="Login" time="26.851" classname="dashboard.MemberAmcDetails"/>
  <testcase name="AmcDetails" time="26.958" classname="dashboard.MemberAmcDetails"/>
</testsuite> <!-- dashboard.MemberAmcDetails -->
