<?xml version="1.0" encoding="UTF-8"?>
<!-- Generated by org.testng.reporters.JUnitReportReporter -->
<testsuite hostname="ItsmyAccount-PC" name="dashboard.Societyinventory" tests="2" failures="0" timestamp="22 Oct 2016 11:02:40 GMT" time="208.925" errors="0">
  <testcase name="Login" time="25.027" classname="dashboard.Societyinventory"/>
  <testcase name="MogratedItems" time="183.898" classname="dashboard.Societyinventory"/>
</testsuite> <!-- dashboard.Societyinventory -->
