<?xml version="1.0" encoding="UTF-8"?>
<!-- Generated by org.testng.reporters.JUnitReportReporter -->
<testsuite hostname="ItsmyAccount-PC" name="MyFacilities.SimulateOTHFacilityWithAdminLogin" tests="1" failures="0" timestamp="6 Nov 2017 11:13:14 GMT" time="100.380" errors="0">
  <testcase name="BookingFacility" time="100.380" classname="MyFacilities.SimulateOTHFacilityWithAdminLogin"/>
</testsuite> <!-- MyFacilities.SimulateOTHFacilityWithAdminLogin -->
