<?xml version="1.0" encoding="UTF-8"?>
<!-- Generated by org.testng.reporters.JUnitReportReporter -->
<testsuite hostname="ItsmyAccount-PC" name="automationframeworks.exceldownloadandupdate" tests="1" failures="0" timestamp="17 Aug 2017 07:28:21 GMT" time="113.449" errors="0">
  <testcase name="excelupdate" time="113.449" classname="automationframeworks.exceldownloadandupdate"/>
</testsuite> <!-- automationframeworks.exceldownloadandupdate -->
