<?xml version="1.0" encoding="UTF-8"?>
<!-- Generated by org.testng.reporters.JUnitReportReporter -->
<testsuite hostname="ItsmyAccount-PC" name="dashboard.uploadfile" tests="1" failures="0" timestamp="19 Jun 2017 11:20:02 GMT" time="20.882" errors="0">
  <testcase name="Contactus" time="20.882" classname="dashboard.uploadfile"/>
</testsuite> <!-- dashboard.uploadfile -->
