<?xml version="1.0" encoding="UTF-8"?>
<!-- Generated by org.testng.reporters.JUnitReportReporter -->
<testsuite hostname="ItsmyAccount-PC" name="dashboard.Admincomplaints" tests="4" failures="0" timestamp="2 Nov 2016 05:07:53 GMT" time="424.859" errors="0">
  <testcase name="Login" time="24.955" classname="dashboard.Admincomplaints"/>
  <testcase name="Complaints" time="183.989" classname="dashboard.Admincomplaints"/>
  <testcase name="AddComplaints" time="109.092" classname="dashboard.Admincomplaints"/>
  <testcase name="EditComplaint" time="106.823" classname="dashboard.Admincomplaints"/>
</testsuite> <!-- dashboard.Admincomplaints -->
