<?xml version="1.0" encoding="UTF-8"?>
<!-- Generated by org.testng.reporters.JUnitReportReporter -->
<testsuite hostname="ItsmyAccount-PC" name="dashboard.AdminRegularvendors" tests="4" failures="0" timestamp="23 Oct 2017 06:40:53 GMT" time="65.519" errors="0">
  <testcase name="Results" time="0.002" classname="dashboard.AdminRegularvendors"/>
  <testcase name="Login" time="13.246" classname="dashboard.AdminRegularvendors"/>
  <testcase name="Export" time="14.022" classname="dashboard.AdminRegularvendors"/>
  <testcase name="AddVendorDetails" time="38.249" classname="dashboard.AdminRegularvendors"/>
</testsuite> <!-- dashboard.AdminRegularvendors -->
