<?xml version="1.0" encoding="UTF-8"?>
<!-- Generated by org.testng.reporters.JUnitReportReporter -->
<testsuite hostname="ItsmyAccount-PC" name="dashboard.AdminInHouseStaffWithOutBadgeId" tests="2" failures="0" timestamp="3 Sep 2017 07:36:49 GMT" time="166.780" errors="0">
  <testcase name="login" time="11.304" classname="dashboard.AdminInHouseStaffWithOutBadgeId"/>
  <testcase name="AddMaintenanceMember" time="155.476" classname="dashboard.AdminInHouseStaffWithOutBadgeId"/>
</testsuite> <!-- dashboard.AdminInHouseStaffWithOutBadgeId -->
