<?xml version="1.0" encoding="UTF-8"?>
<!-- Generated by org.testng.reporters.JUnitReportReporter -->
<testsuite skipped="0" hostname="IMA-PC" name="dashboard.KeyMemberDetails" tests="2" failures="0" timestamp="23 Nov 2017 11:46:51 GMT" time="40.246" errors="0">
  <testcase name="Login" time="11.540" classname="dashboard.KeyMemberDetails"/>
  <testcase name="KeyMemberDetailsInApplication" time="28.706" classname="dashboard.KeyMemberDetails"/>
</testsuite> <!-- dashboard.KeyMemberDetails -->
