<?xml version="1.0" encoding="UTF-8"?>
<!-- Generated by org.testng.reporters.JUnitReportReporter -->
<testsuite skipped="0" hostname="IMA-PC" name="dashboard.MemberAttendanceregistor" tests="3" failures="0" timestamp="25 Nov 2017 05:06:01 GMT" time="35.769" errors="0">
  <testcase name="AttendanceRegistor" time="26.878" classname="dashboard.MemberAttendanceregistor"/>
  <testcase name="Export" time="8.889" classname="dashboard.MemberAttendanceregistor"/>
  <testcase name="Results" time="0.002" classname="dashboard.MemberAttendanceregistor"/>
</testsuite> <!-- dashboard.MemberAttendanceregistor -->
