<?xml version="1.0" encoding="UTF-8"?>
<!-- Generated by org.testng.reporters.JUnitReportReporter -->
<testsuite hostname="ItsmyAccount-PC" name="dashboard.autotext" tests="1" failures="0" timestamp="15 May 2017 11:11:43 GMT" time="41.140" errors="0">
  <testcase name="textcomplete" time="41.140" classname="dashboard.autotext"/>
</testsuite> <!-- dashboard.autotext -->
