<?xml version="1.0" encoding="UTF-8"?>
<!-- Generated by org.testng.reporters.JUnitReportReporter -->
<testsuite hostname="ItsmyAccount-PC" name="dashboard.MembermaintainanceTeamMembers" tests="4" failures="0" timestamp="9 Jan 2017 07:38:23 GMT" time="58.452" errors="0">
  <testcase name="Export" time="11.298" classname="dashboard.MembermaintainanceTeamMembers"/>
  <testcase name="Results" time="0.003" classname="dashboard.MembermaintainanceTeamMembers"/>
  <testcase name="Login" time="30.200" classname="dashboard.MembermaintainanceTeamMembers"/>
  <testcase name="SearchFunction" time="16.951" classname="dashboard.MembermaintainanceTeamMembers"/>
</testsuite> <!-- dashboard.MembermaintainanceTeamMembers -->
