<?xml version="1.0" encoding="UTF-8"?>
<!-- Generated by org.testng.reporters.JUnitReportReporter -->
<testsuite hostname="ItsmyAccount-PC" name="MyFacilities.CreateFacilityForBoth" tests="3" failures="0" timestamp="14 Oct 2017 04:59:10 GMT" time="222.501" errors="0">
  <testcase name="AddFacilityAfterDelete" time="64.676" classname="MyFacilities.CreateFacilityForBoth"/>
  <testcase name="EditAndDeleteFacility" time="64.837" classname="MyFacilities.CreateFacilityForBoth"/>
  <testcase name="AddFacility" time="92.988" classname="MyFacilities.CreateFacilityForBoth"/>
</testsuite> <!-- MyFacilities.CreateFacilityForBoth -->
