<?xml version="1.0" encoding="UTF-8"?>
<!-- Generated by org.testng.reporters.JUnitReportReporter -->
<testsuite skipped="0" hostname="IMA-PC" name="dashboard.MemberDashBoardNetBalance" tests="2" failures="0" timestamp="30 Nov 2017 09:52:24 GMT" time="32.831" errors="0">
  <testcase name="Results" time="0.012" classname="dashboard.MemberDashBoardNetBalance"/>
  <testcase name="dshboardNetBalance" time="32.819" classname="dashboard.MemberDashBoardNetBalance"/>
</testsuite> <!-- dashboard.MemberDashBoardNetBalance -->
