<?xml version="1.0" encoding="UTF-8"?>
<!-- Generated by org.testng.reporters.JUnitReportReporter -->
<testsuite hostname="ItsmyAccount-PC" name="dashboard.MemberSocietyDocuments" tests="4" failures="0" timestamp="5 Feb 2017 10:20:16 GMT" time="47.364" errors="0">
  <testcase name="DocumentsList" time="16.030" classname="dashboard.MemberSocietyDocuments"/>
  <testcase name="Login" time="19.163" classname="dashboard.MemberSocietyDocuments"/>
  <testcase name="Results" time="0.001" classname="dashboard.MemberSocietyDocuments"/>
  <testcase name="Search" time="12.170" classname="dashboard.MemberSocietyDocuments"/>
</testsuite> <!-- dashboard.MemberSocietyDocuments -->
