<?xml version="1.0" encoding="UTF-8"?>
<!-- Generated by org.testng.reporters.JUnitReportReporter -->
<testsuite hostname="ItsmyAccount-PC" name="dashboard.LoginToMail" tests="1" failures="0" timestamp="5 Mar 2017 04:45:26 GMT" time="22.890" errors="0">
  <testcase name="MailLogin" time="22.890" classname="dashboard.LoginToMail"/>
</testsuite> <!-- dashboard.LoginToMail -->
