<?xml version="1.0" encoding="UTF-8"?>
<!-- Generated by org.testng.reporters.JUnitReportReporter -->
<testsuite hostname="ItsmyAccount-PC" name="MyFacilities.BookingFreeFacilityWithLessthanAllowedTime" tests="1" failures="0" timestamp="6 Nov 2017 10:19:00 GMT" time="113.827" errors="0">
  <testcase name="BookingFacility" time="113.827" classname="MyFacilities.BookingFreeFacilityWithLessthanAllowedTime"/>
</testsuite> <!-- MyFacilities.BookingFreeFacilityWithLessthanAllowedTime -->
