<?xml version="1.0" encoding="UTF-8"?>
<!-- Generated by org.testng.reporters.JUnitReportReporter -->
<testsuite skipped="0" hostname="IMA-PC" name="dashboard.ManageNonMembers" tests="7" failures="0" timestamp="22 Nov 2017 09:56:50 GMT" time="453.528" errors="0">
  <testcase name="Login" time="25.354" classname="dashboard.ManageNonMembers"/>
  <testcase name="AddNonMember" time="64.928" classname="dashboard.ManageNonMembers"/>
  <testcase name="EditNonMember" time="150.274" classname="dashboard.ManageNonMembers"/>
  <testcase name="DeleteNonMember" time="57.525" classname="dashboard.ManageNonMembers"/>
  <testcase name="AddNonMemberAfterDelete" time="83.107" classname="dashboard.ManageNonMembers"/>
  <testcase name="LoginWithNewDetails" time="41.530" classname="dashboard.ManageNonMembers"/>
  <testcase name="Export" time="30.810" classname="dashboard.ManageNonMembers"/>
</testsuite> <!-- dashboard.ManageNonMembers -->
