<?xml version="1.0" encoding="UTF-8"?>
<!-- Generated by org.testng.reporters.JUnitReportReporter -->
<testsuite skipped="0" hostname="IMA-PC" name="dashboard.ShowEventsInSocietyMeetingCalendar" tests="2" failures="0" timestamp="25 Nov 2017 06:39:01 GMT" time="49.287" errors="0">
  <testcase name="Login" time="21.963" classname="dashboard.ShowEventsInSocietyMeetingCalendar"/>
  <testcase name="ShowEvent" time="27.324" classname="dashboard.ShowEventsInSocietyMeetingCalendar"/>
</testsuite> <!-- dashboard.ShowEventsInSocietyMeetingCalendar -->
