<?xml version="1.0" encoding="UTF-8"?>
<!-- Generated by org.testng.reporters.JUnitReportReporter -->
<testsuite hostname="ItsmyAccount-PC" name="MyFacilities.CreatePaidFacilityOnlyForOthers" tests="3" failures="0" timestamp="14 Oct 2017 04:53:30 GMT" time="222.841" errors="0">
  <testcase name="EditAndDeleteFacility" time="67.977" classname="MyFacilities.CreatePaidFacilityOnlyForOthers"/>
  <testcase name="AddFacility" time="91.515" classname="MyFacilities.CreatePaidFacilityOnlyForOthers"/>
  <testcase name="AddFacilityAfterDelete" time="63.349" classname="MyFacilities.CreatePaidFacilityOnlyForOthers"/>
</testsuite> <!-- MyFacilities.CreatePaidFacilityOnlyForOthers -->
