<?xml version="1.0" encoding="UTF-8"?>
<!-- Generated by org.testng.reporters.JUnitReportReporter -->
<testsuite hostname="ItsmyAccount-PC" name="dashboard.Currentevents" tests="5" failures="0" timestamp="17 Sep 2016 06:14:31 GMT" time="125.554" errors="0">
  <testcase name="currentevents" time="4.572" classname="dashboard.Currentevents"/>
  <testcase name="EventDetailsDelete" time="40.535" classname="dashboard.Currentevents"/>
  <testcase name="EditEventDetails" time="39.547" classname="dashboard.Currentevents"/>
  <testcase name="Export" time="10.468" classname="dashboard.Currentevents"/>
  <testcase name="AddEvent" time="30.432" classname="dashboard.Currentevents"/>
</testsuite> <!-- dashboard.Currentevents -->
