<?xml version="1.0" encoding="UTF-8"?>
<!-- Generated by org.testng.reporters.JUnitReportReporter -->
<testsuite skipped="0" hostname="IMA-PC" name="MyFacilities.CreateFacilityWithFreeNoBookingAllowed" tests="3" failures="0" timestamp="30 Nov 2017 10:38:56 GMT" time="200.780" errors="0">
  <testcase name="AddFacility" time="81.280" classname="MyFacilities.CreateFacilityWithFreeNoBookingAllowed"/>
  <testcase name="EditAndDeleteFacility" time="67.343" classname="MyFacilities.CreateFacilityWithFreeNoBookingAllowed"/>
  <testcase name="AddFacilityAfterDelete" time="52.157" classname="MyFacilities.CreateFacilityWithFreeNoBookingAllowed"/>
</testsuite> <!-- MyFacilities.CreateFacilityWithFreeNoBookingAllowed -->
