<?xml version="1.0" encoding="UTF-8"?>
<!-- Generated by org.testng.reporters.JUnitReportReporter -->
<testsuite hostname="ItsmyAccount-PC" name="dashboard.GetUserCredentialsAndChangePassword" tests="1" failures="0" timestamp="29 Sep 2016 09:43:38 GMT" time="239.541" errors="0">
  <testcase name="GetForGetUserId" time="239.541" classname="dashboard.GetUserCredentialsAndChangePassword"/>
</testsuite> <!-- dashboard.GetUserCredentialsAndChangePassword -->
