<?xml version="1.0" encoding="UTF-8"?>
<!-- Generated by org.testng.reporters.JUnitReportReporter -->
<testsuite hostname="ItsmyAccount-PC" name="dashboard.AdminAmcDetails" tests="2" failures="0" timestamp="27 Oct 2016 05:34:43 GMT" time="59.529" errors="0">
  <testcase name="Login" time="24.860" classname="dashboard.AdminAmcDetails"/>
  <testcase name="AmcDetails" time="34.669" classname="dashboard.AdminAmcDetails"/>
</testsuite> <!-- dashboard.AdminAmcDetails -->
