<?xml version="1.0" encoding="UTF-8"?>
<!-- Generated by org.testng.reporters.JUnitReportReporter -->
<testsuite hostname="ItsmyAccount-PC" name="MyFacilities.SimulateOTHFacilityWithTenantLogin" tests="1" failures="0" timestamp="14 Oct 2017 06:11:09 GMT" time="109.604" errors="0">
  <testcase name="BookingFacility" time="109.604" classname="MyFacilities.SimulateOTHFacilityWithTenantLogin"/>
</testsuite> <!-- MyFacilities.SimulateOTHFacilityWithTenantLogin -->
