<?xml version="1.0" encoding="UTF-8"?>
<!-- Generated by org.testng.reporters.JUnitReportReporter -->
<testsuite hostname="ItsmyAccount-PC" name="MyFacilities.SimulationOfFacilityOfFullandHalfDaypricesfor6hrsWithAdminLogin" tests="1" failures="0" timestamp="14 Oct 2017 06:58:12 GMT" time="98.902" errors="0">
  <testcase name="BookingFacility" time="98.902" classname="MyFacilities.SimulationOfFacilityOfFullandHalfDaypricesfor6hrsWithAdminLogin"/>
</testsuite> <!-- MyFacilities.SimulationOfFacilityOfFullandHalfDaypricesfor6hrsWithAdminLogin -->
