<?xml version="1.0" encoding="UTF-8"?>
<!-- Generated by org.testng.reporters.JUnitReportReporter -->
<testsuite hostname="ItsmyAccount-PC" name="dashboard.Managememberdetailsedit" tests="5" failures="0" timestamp="7 Dec 2016 12:18:34 GMT" time="207.746" errors="0">
  <testcase name="Login" time="15.381" classname="dashboard.Managememberdetailsedit"/>
  <testcase name="DetailsOfScreenShots" time="0.005" classname="dashboard.Managememberdetailsedit"/>
  <testcase name="MoveOut" time="71.940" classname="dashboard.Managememberdetailsedit"/>
  <testcase name="EditManagMemberDetails" time="50.168" classname="dashboard.Managememberdetailsedit"/>
  <testcase name="CreateNewMember" time="70.252" classname="dashboard.Managememberdetailsedit"/>
</testsuite> <!-- dashboard.Managememberdetailsedit -->
