<?xml version="1.0" encoding="UTF-8"?>
<!-- Generated by org.testng.reporters.JUnitReportReporter -->
<testsuite hostname="ItsmyAccount-PC" name="MyFacilities.CreatePaidFacilityOnlyForOwners" tests="3" failures="0" timestamp="14 Oct 2017 04:44:50 GMT" time="213.314" errors="0">
  <testcase name="EditAndDeleteFacility" time="68.255" classname="MyFacilities.CreatePaidFacilityOnlyForOwners"/>
  <testcase name="AddFacilityAfterDelete" time="57.137" classname="MyFacilities.CreatePaidFacilityOnlyForOwners"/>
  <testcase name="AddFacility" time="87.922" classname="MyFacilities.CreatePaidFacilityOnlyForOwners"/>
</testsuite> <!-- MyFacilities.CreatePaidFacilityOnlyForOwners -->
