<?xml version="1.0" encoding="UTF-8"?>
<!-- Generated by org.testng.reporters.JUnitReportReporter -->
<testsuite hostname="ItsmyAccount-PC" name="MyFacilities.simulationOfFacilityWithSpecialPackageAndHourlyRates" tests="1" failures="0" timestamp="14 Oct 2017 06:37:11 GMT" time="113.743" errors="0">
  <testcase name="BookingFacility" time="113.743" classname="MyFacilities.simulationOfFacilityWithSpecialPackageAndHourlyRates"/>
</testsuite> <!-- MyFacilities.simulationOfFacilityWithSpecialPackageAndHourlyRates -->
