<?xml version="1.0" encoding="UTF-8"?>
<!-- Generated by org.testng.reporters.JUnitReportReporter -->
<testsuite hostname="ItsmyAccount-PC" name="MyFinance.Autocompletetext" tests="1" failures="0" timestamp="15 May 2017 10:31:15 GMT" time="21.595" errors="0">
  <testcase name="textcompletion" time="21.595" classname="MyFinance.Autocompletetext"/>
</testsuite> <!-- MyFinance.Autocompletetext -->
