<?xml version="1.0" encoding="UTF-8"?>
<!-- Generated by org.testng.reporters.JUnitReportReporter -->
<testsuite skipped="0" hostname="IMA-PC" name="dashboard.MemberMyResidents" tests="2" failures="0" timestamp="24 Nov 2017 09:22:11 GMT" time="61.930" errors="0">
  <testcase name="Login" time="25.323" classname="dashboard.MemberMyResidents"/>
  <testcase name="SendSMS" time="36.607" classname="dashboard.MemberMyResidents"/>
</testsuite> <!-- dashboard.MemberMyResidents -->
