<?xml version="1.0" encoding="UTF-8"?>
<!-- Generated by org.testng.reporters.JUnitReportReporter -->
<testsuite skipped="0" hostname="IMA-PC" name="dashboard.AdminCurrentevents" tests="4" failures="0" timestamp="25 Nov 2017 07:07:14 GMT" time="128.642" errors="0">
  <testcase name="login" time="11.609" classname="dashboard.AdminCurrentevents"/>
  <testcase name="AddEvent" time="108.127" classname="dashboard.AdminCurrentevents"/>
  <testcase name="Export" time="8.904" classname="dashboard.AdminCurrentevents"/>
  <testcase name="Results" time="0.002" classname="dashboard.AdminCurrentevents"/>
</testsuite> <!-- dashboard.AdminCurrentevents -->
