<?xml version="1.0" encoding="UTF-8"?>
<!-- Generated by org.testng.reporters.JUnitReportReporter -->
<testsuite hostname="ItsmyAccount-PC" name="dashboard.MemberComplaintTracking" tests="2" failures="0" timestamp="6 Nov 2017 08:45:38 GMT" time="73.462" errors="0">
  <testcase name="Login" time="29.912" classname="dashboard.MemberComplaintTracking"/>
  <testcase name="GetComplaintsByGivingFromAndToDate" time="43.550" classname="dashboard.MemberComplaintTracking"/>
</testsuite> <!-- dashboard.MemberComplaintTracking -->
