<?xml version="1.0" encoding="UTF-8"?>
<!-- Generated by org.testng.reporters.JUnitReportReporter -->
<testsuite skipped="0" hostname="IMA-PC" name="dashboard.MemberSocietyMeetingCalendar" tests="2" failures="0" timestamp="25 Nov 2017 07:01:45 GMT" time="101.216" errors="0">
  <testcase name="Login" time="18.938" classname="dashboard.MemberSocietyMeetingCalendar"/>
  <testcase name="WithoutSmsAndEnableEmail" time="82.278" classname="dashboard.MemberSocietyMeetingCalendar"/>
</testsuite> <!-- dashboard.MemberSocietyMeetingCalendar -->
