<?xml version="1.0" encoding="UTF-8"?>
<!-- Generated by org.testng.reporters.JUnitReportReporter -->
<testsuite hostname="ItsmyAccount-PC" name="MyFacilities.BookFacilityWithFree" tests="2" failures="0" timestamp="6 Nov 2017 09:58:59 GMT" time="107.198" errors="0">
  <testcase name="BookingFacilityByMember" time="53.939" classname="MyFacilities.BookFacilityWithFree"/>
  <testcase name="BookingFacilityByAdmin" time="53.259" classname="MyFacilities.BookFacilityWithFree"/>
</testsuite> <!-- MyFacilities.BookFacilityWithFree -->
