<?xml version="1.0" encoding="UTF-8"?>
<!-- Generated by org.testng.reporters.JUnitReportReporter -->
<testsuite skipped="0" hostname="IMA-PC" name="dashboard.AdminSocietyInVentoryReceipts" tests="4" failures="0" timestamp="27 Nov 2017 10:15:23 GMT" time="154.610" errors="0">
  <testcase name="Login" time="23.498" classname="dashboard.AdminSocietyInVentoryReceipts"/>
  <testcase name="AddAndEditReciepts" time="109.264" classname="dashboard.AdminSocietyInVentoryReceipts"/>
  <testcase name="Export" time="21.847" classname="dashboard.AdminSocietyInVentoryReceipts"/>
  <testcase name="Results" time="0.001" classname="dashboard.AdminSocietyInVentoryReceipts"/>
</testsuite> <!-- dashboard.AdminSocietyInVentoryReceipts -->
