<?xml version="1.0" encoding="UTF-8"?>
<!-- Generated by org.testng.reporters.JUnitReportReporter -->
<testsuite hostname="ItsmyAccount-PC" name="MyFacilities.SimulationOfFacilityWithFullAndHalfDayChargesWithOwnerLogin" tests="1" failures="0" timestamp="14 Oct 2017 10:47:53 GMT" time="103.603" errors="0">
  <testcase name="BookingFacility" time="103.603" classname="MyFacilities.SimulationOfFacilityWithFullAndHalfDayChargesWithOwnerLogin"/>
</testsuite> <!-- MyFacilities.SimulationOfFacilityWithFullAndHalfDayChargesWithOwnerLogin -->
