<?xml version="1.0" encoding="UTF-8"?>
<!-- Generated by org.testng.reporters.JUnitReportReporter -->
<testsuite skipped="0" hostname="IMA-PC" name="dashboard.AdminPDC" tests="6" failures="0" timestamp="29 Nov 2017 12:07:36 GMT" time="311.069" errors="0">
  <testcase name="Login" time="23.970" classname="dashboard.AdminPDC"/>
  <testcase name="AddPdc" time="91.112" classname="dashboard.AdminPDC"/>
  <testcase name="EditPdc" time="71.322" classname="dashboard.AdminPDC"/>
  <testcase name="DeletePDC" time="106.101" classname="dashboard.AdminPDC"/>
  <testcase name="Export" time="18.563" classname="dashboard.AdminPDC"/>
  <testcase name="Results" time="0.001" classname="dashboard.AdminPDC"/>
</testsuite> <!-- dashboard.AdminPDC -->
