<?xml version="1.0" encoding="UTF-8"?>
<!-- Generated by org.testng.reporters.JUnitReportReporter -->
<testsuite skipped="0" hostname="IMA-PC" name="dashboard.MemberCommiteeMembers" tests="4" failures="0" timestamp="24 Nov 2017 10:25:39 GMT" time="116.619" errors="0">
  <testcase name="Login" time="14.978" classname="dashboard.MemberCommiteeMembers"/>
  <testcase name="ComiteeMebers" time="38.033" classname="dashboard.MemberCommiteeMembers"/>
  <testcase name="Search" time="54.549" classname="dashboard.MemberCommiteeMembers"/>
  <testcase name="Export" time="9.059" classname="dashboard.MemberCommiteeMembers"/>
</testsuite> <!-- dashboard.MemberCommiteeMembers -->
